#-----------------------------------------------------------
# Webtalk v2017.4 (64-bit)
# SW Build 2086221 on Fri Dec 15 20:54:30 MST 2017
# 
# Start of session at: Fri May  4 12:08:20 2018
# Process ID: 10553
# Current directory: /home/kiev/Gits/wearable_project_main/vivado_and_sdk/vivado_project/vivado_project.sdk/webtalk
# Command line: wbtcv -mode batch -source sdk_webtalk.tcl
# Log file: /home/kiev/Gits/wearable_project_main/vivado_and_sdk/vivado_project/vivado_project.sdk/webtalk/webtalk.log
# Journal file: /home/kiev/Gits/wearable_project_main/vivado_and_sdk/vivado_project/vivado_project.sdk/webtalk/webtalk.jou
#-----------------------------------------------------------
source sdk_webtalk.tcl
# webtalk_init -webtalk_dir /home/kiev/Gits/wearable_project_main/vivado_and_sdk/vivado_project/vivado_project.sdk/webtalk
# webtalk_register_client -client project
# webtalk_add_data -client project -key date_generated -value "2018-05-04 12:08:19" -context "software_version_and_target_device"
# webtalk_add_data -client project -key product_version -value "SDK v2017.4" -context "software_version_and_target_device"
# webtalk_add_data -client project -key build_version -value "2017.4" -context "software_version_and_target_device"
# webtalk_add_data -client project -key os_platform -value "amd64" -context "software_version_and_target_device"
# webtalk_add_data -client project -key registration_id -value "" -context "software_version_and_target_device"
# webtalk_add_data -client project -key tool_flow -value "SDK" -context "software_version_and_target_device"
# webtalk_add_data -client project -key beta -value "false" -context "software_version_and_target_device"
# webtalk_add_data -client project -key route_design -value "NA" -context "software_version_and_target_device"
# webtalk_add_data -client project -key target_family -value "NA" -context "software_version_and_target_device"
# webtalk_add_data -client project -key target_device -value "NA" -context "software_version_and_target_device"
# webtalk_add_data -client project -key target_package -value "NA" -context "software_version_and_target_device"
# webtalk_add_data -client project -key target_speed -value "NA" -context "software_version_and_target_device"
# webtalk_add_data -client project -key random_id -value "l5ejli8o7sfm7sk24s4t67odak" -context "software_version_and_target_device"
# webtalk_add_data -client project -key project_id -value "2017.4_36" -context "software_version_and_target_device"
# webtalk_add_data -client project -key project_iteration -value "36" -context "software_version_and_target_device"
# webtalk_add_data -client project -key os_name -value "LinuxMint" -context "user_environment"
# webtalk_add_data -client project -key os_release -value "Linux Mint 18.2 Sonya" -context "user_environment"
# webtalk_add_data -client project -key cpu_name -value "Intel(R) Core(TM) i3 CPU         550  @ 3.20GHz" -context "user_environment"
# webtalk_add_data -client project -key cpu_speed -value "3067.000 MHz" -context "user_environment"
# webtalk_add_data -client project -key total_processors -value "1" -context "user_environment"
# webtalk_add_data -client project -key system_ram -value "16,616 GB" -context "user_environment"
# webtalk_register_client -client sdk
# webtalk_add_data -client sdk -key uid -value "1525445692000" -context "sdk\\\\hardware/1525445692000"
# webtalk_add_data -client sdk -key isZynq -value "false" -context "sdk\\\\hardware/1525445692000"
# webtalk_add_data -client sdk -key isZynqMP -value "false" -context "sdk\\\\hardware/1525445692000"
# webtalk_add_data -client sdk -key Processors -value "1" -context "sdk\\\\hardware/1525445692000"
# webtalk_add_data -client sdk -key VivadoVersion -value "2017.4" -context "sdk\\\\hardware/1525445692000"
# webtalk_add_data -client sdk -key Arch -value "artix7" -context "sdk\\\\hardware/1525445692000"
# webtalk_add_data -client sdk -key Device -value "7a35ti" -context "sdk\\\\hardware/1525445692000"
# webtalk_add_data -client sdk -key IsHandoff -value "true" -context "sdk\\\\hardware/1525445692000"
# webtalk_add_data -client sdk -key os -value "NA" -context "sdk\\\\hardware/1525445692000"
# webtalk_add_data -client sdk -key apptemplate -value "NA" -context "sdk\\\\hardware/1525445692000"
# webtalk_add_data -client sdk -key RecordType -value "HWCreation" -context "sdk\\\\hardware/1525445692000"
# webtalk_add_data -client sdk -key uid -value "1525445728000" -context "sdk\\\\bsp/1525445728000"
# webtalk_add_data -client sdk -key hwid -value "1525445692000" -context "sdk\\\\bsp/1525445728000"
# webtalk_add_data -client sdk -key os -value "standalone" -context "sdk\\\\bsp/1525445728000"
# webtalk_add_data -client sdk -key apptemplate -value "empty_application" -context "sdk\\\\bsp/1525445728000"
# webtalk_add_data -client sdk -key RecordType -value "BSPCreation" -context "sdk\\\\bsp/1525445728000"
# webtalk_add_data -client sdk -key uid -value "1525445730000" -context "sdk\\\\application/1525445730000"
# webtalk_add_data -client sdk -key hwid -value "1525445692000" -context "sdk\\\\application/1525445730000"
# webtalk_add_data -client sdk -key bspid -value "1525445728000" -context "sdk\\\\application/1525445730000"
# webtalk_add_data -client sdk -key newbsp -value "true" -context "sdk\\\\application/1525445730000"
# webtalk_add_data -client sdk -key os -value "standalone" -context "sdk\\\\application/1525445730000"
# webtalk_add_data -client sdk -key apptemplate -value "empty_application" -context "sdk\\\\application/1525445730000"
# webtalk_add_data -client sdk -key RecordType -value "APPCreation" -context "sdk\\\\application/1525445730000"
# webtalk_add_data -client sdk -key LangUsed -value "C" -context "sdk\\\\application/1525445730000"
# webtalk_add_data -client sdk -key Procused -value "microblaze" -context "sdk\\\\application/1525445730000"
# webtalk_add_data -client sdk -key projSize -value "341.703125" -context "sdk\\\\application/1525445730000"
# webtalk_add_data -client sdk -key uid -value "NA" -context "sdk\\\\bsp/1525446499639"
# webtalk_add_data -client sdk -key RecordType -value "ToolUsage" -context "sdk\\\\bsp/1525446499639"
# webtalk_add_data -client sdk -key BootgenCount -value "0" -context "sdk\\\\bsp/1525446499639"
# webtalk_add_data -client sdk -key DebugCount -value "0" -context "sdk\\\\bsp/1525446499639"
# webtalk_add_data -client sdk -key PerfCount -value "0" -context "sdk\\\\bsp/1525446499639"
# webtalk_add_data -client sdk -key FlashCount -value "0" -context "sdk\\\\bsp/1525446499639"
# webtalk_add_data -client sdk -key CrossTriggCount -value "0" -context "sdk\\\\bsp/1525446499639"
# webtalk_add_data -client sdk -key QemuDebugCount -value "0" -context "sdk\\\\bsp/1525446499639"
# webtalk_transmit -clientid 184934568 -regid "" -xml /home/kiev/Gits/wearable_project_main/vivado_and_sdk/vivado_project/vivado_project.sdk/webtalk/usage_statistics_ext_sdk.xml -html /home/kiev/Gits/wearable_project_main/vivado_and_sdk/vivado_project/vivado_project.sdk/webtalk/usage_statistics_ext_sdk.html -wdm /home/kiev/Gits/wearable_project_main/vivado_and_sdk/vivado_project/vivado_project.sdk/webtalk/sdk_webtalk.wdm -intro "<H3>SDK Usage Report</H3><BR>"
INFO: [Common 17-186] '/home/kiev/Gits/wearable_project_main/vivado_and_sdk/vivado_project/vivado_project.sdk/webtalk/usage_statistics_ext_sdk.xml' has been successfully sent to Xilinx on Fri May  4 12:08:23 2018. For additional details about this file, please refer to the WebTalk help file at /opt/Xilinx/SDK/2017.4/doc/webtalk_introduction.html.
# webtalk_terminate
INFO: [Common 17-206] Exiting Webtalk at Fri May  4 12:08:23 2018...
