
*** Running vivado
    with args -log design_1_wrapper.vdi -applog -m64 -product Vivado -messageDb vivado.pb -mode batch -source design_1_wrapper.tcl -notrace


****** Vivado v2017.4 (64-bit)
  **** SW Build 2086221 on Fri Dec 15 20:54:30 MST 2017
  **** IP Build 2085800 on Fri Dec 15 22:25:07 MST 2017
    ** Copyright 1986-2017 Xilinx, Inc. All Rights Reserved.

source design_1_wrapper.tcl -notrace
INFO: [IP_Flow 19-234] Refreshing IP repositories
INFO: [IP_Flow 19-1700] Loaded user IP repository '/home/kiev/Gits/wearable_project_main/vivado_and_sdk/digilent_ips'.
INFO: [IP_Flow 19-2313] Loaded Vivado IP repository '/opt/Xilinx/Vivado/2017.4/data/ip'.
add_files: Time (s): cpu = 00:00:08 ; elapsed = 00:00:09 . Memory (MB): peak = 1236.082 ; gain = 75.125 ; free physical = 2595 ; free virtual = 17005
Command: link_design -top design_1_wrapper -part xc7a35ticsg324-1L
Design is defaulting to srcset: sources_1
Design is defaulting to constrset: constrs_1
INFO: [Project 1-454] Reading design checkpoint '/home/kiev/Gits/wearable_project_main/vivado_and_sdk/vivado_project/vivado_project.srcs/sources_1/bd/design_1/ip/design_1_PmodBLE_0_0/design_1_PmodBLE_0_0.dcp' for cell 'design_1_i/PmodBLE_0'
INFO: [Project 1-454] Reading design checkpoint '/home/kiev/Gits/wearable_project_main/vivado_and_sdk/vivado_project/vivado_project.srcs/sources_1/bd/design_1/ip/design_1_axi_gpio_0_4/design_1_axi_gpio_0_4.dcp' for cell 'design_1_i/axi_gpio_led_switch'
INFO: [Project 1-454] Reading design checkpoint '/home/kiev/Gits/wearable_project_main/vivado_and_sdk/vivado_project/vivado_project.srcs/sources_1/bd/design_1/ip/design_1_axi_gpio_0_3/design_1_axi_gpio_0_3.dcp' for cell 'design_1_i/axi_gpio_shield'
INFO: [Project 1-454] Reading design checkpoint '/home/kiev/Gits/wearable_project_main/vivado_and_sdk/vivado_project/vivado_project.srcs/sources_1/bd/design_1/ip/design_1_axi_smc_0/design_1_axi_smc_0.dcp' for cell 'design_1_i/axi_smc'
INFO: [Project 1-454] Reading design checkpoint '/home/kiev/Gits/wearable_project_main/vivado_and_sdk/vivado_project/vivado_project.srcs/sources_1/bd/design_1/ip/design_1_axi_timer_0_0/design_1_axi_timer_0_0.dcp' for cell 'design_1_i/axi_timer_0'
INFO: [Project 1-454] Reading design checkpoint '/home/kiev/Gits/wearable_project_main/vivado_and_sdk/vivado_project/vivado_project.srcs/sources_1/bd/design_1/ip/design_1_axi_uartlite_0_1/design_1_axi_uartlite_0_1.dcp' for cell 'design_1_i/axi_uartlite_0'
INFO: [Project 1-454] Reading design checkpoint '/home/kiev/Gits/wearable_project_main/vivado_and_sdk/vivado_project/vivado_project.srcs/sources_1/bd/design_1/ip/design_1_clk_wiz_0_1/design_1_clk_wiz_0_1.dcp' for cell 'design_1_i/clk_wiz_0'
INFO: [Project 1-454] Reading design checkpoint '/home/kiev/Gits/wearable_project_main/vivado_and_sdk/vivado_project/vivado_project.srcs/sources_1/bd/design_1/ip/design_1_mdm_1_1/design_1_mdm_1_1.dcp' for cell 'design_1_i/mdm_1'
INFO: [Project 1-454] Reading design checkpoint '/home/kiev/Gits/wearable_project_main/vivado_and_sdk/vivado_project/vivado_project.srcs/sources_1/bd/design_1/ip/design_1_microblaze_0_1/design_1_microblaze_0_1.dcp' for cell 'design_1_i/microblaze_0'
INFO: [Project 1-454] Reading design checkpoint '/home/kiev/Gits/wearable_project_main/vivado_and_sdk/vivado_project/vivado_project.srcs/sources_1/bd/design_1/ip/design_1_microblaze_0_axi_intc_1/design_1_microblaze_0_axi_intc_1.dcp' for cell 'design_1_i/microblaze_0_axi_intc'
INFO: [Project 1-454] Reading design checkpoint '/home/kiev/Gits/wearable_project_main/vivado_and_sdk/vivado_project/vivado_project.srcs/sources_1/bd/design_1/ip/design_1_microblaze_0_xlconcat_1/design_1_microblaze_0_xlconcat_1.dcp' for cell 'design_1_i/microblaze_0_xlconcat'
INFO: [Project 1-454] Reading design checkpoint '/home/kiev/Gits/wearable_project_main/vivado_and_sdk/vivado_project/vivado_project.srcs/sources_1/bd/design_1/ip/design_1_mig_7series_0_0/design_1_mig_7series_0_0.dcp' for cell 'design_1_i/mig_7series_0'
INFO: [Project 1-454] Reading design checkpoint '/home/kiev/Gits/wearable_project_main/vivado_and_sdk/vivado_project/vivado_project.srcs/sources_1/bd/design_1/ip/design_1_rst_clk_wiz_0_100M_1/design_1_rst_clk_wiz_0_100M_1.dcp' for cell 'design_1_i/rst_clk_wiz_0_100M'
INFO: [Project 1-454] Reading design checkpoint '/home/kiev/Gits/wearable_project_main/vivado_and_sdk/vivado_project/vivado_project.srcs/sources_1/bd/design_1/ip/design_1_rst_mig_7series_0_83M_0/design_1_rst_mig_7series_0_83M_0.dcp' for cell 'design_1_i/rst_mig_7series_0_83M'
INFO: [Project 1-454] Reading design checkpoint '/home/kiev/Gits/wearable_project_main/vivado_and_sdk/vivado_project/vivado_project.srcs/sources_1/bd/design_1/ip/design_1_xbar_1/design_1_xbar_1.dcp' for cell 'design_1_i/microblaze_0_axi_periph/xbar'
INFO: [Project 1-454] Reading design checkpoint '/home/kiev/Gits/wearable_project_main/vivado_and_sdk/vivado_project/vivado_project.srcs/sources_1/bd/design_1/ip/design_1_dlmb_bram_if_cntlr_1/design_1_dlmb_bram_if_cntlr_1.dcp' for cell 'design_1_i/microblaze_0_local_memory/dlmb_bram_if_cntlr'
INFO: [Project 1-454] Reading design checkpoint '/home/kiev/Gits/wearable_project_main/vivado_and_sdk/vivado_project/vivado_project.srcs/sources_1/bd/design_1/ip/design_1_dlmb_v10_1/design_1_dlmb_v10_1.dcp' for cell 'design_1_i/microblaze_0_local_memory/dlmb_v10'
INFO: [Project 1-454] Reading design checkpoint '/home/kiev/Gits/wearable_project_main/vivado_and_sdk/vivado_project/vivado_project.srcs/sources_1/bd/design_1/ip/design_1_ilmb_bram_if_cntlr_1/design_1_ilmb_bram_if_cntlr_1.dcp' for cell 'design_1_i/microblaze_0_local_memory/ilmb_bram_if_cntlr'
INFO: [Project 1-454] Reading design checkpoint '/home/kiev/Gits/wearable_project_main/vivado_and_sdk/vivado_project/vivado_project.srcs/sources_1/bd/design_1/ip/design_1_ilmb_v10_1/design_1_ilmb_v10_1.dcp' for cell 'design_1_i/microblaze_0_local_memory/ilmb_v10'
INFO: [Project 1-454] Reading design checkpoint '/home/kiev/Gits/wearable_project_main/vivado_and_sdk/vivado_project/vivado_project.srcs/sources_1/bd/design_1/ip/design_1_lmb_bram_1/design_1_lmb_bram_1.dcp' for cell 'design_1_i/microblaze_0_local_memory/lmb_bram'
INFO: [Netlist 29-17] Analyzing 1072 Unisim elements for replacement
INFO: [Netlist 29-28] Unisim Transformation completed in 1 CPU seconds
INFO: [Project 1-479] Netlist was created with Vivado 2017.4
INFO: [Device 21-403] Loading part xc7a35ticsg324-1L
INFO: [Project 1-570] Preparing netlist for logic optimization
Parsing XDC File [/home/kiev/Gits/wearable_project_main/vivado_and_sdk/vivado_project/vivado_project.srcs/sources_1/bd/design_1/ip/design_1_clk_wiz_0_1/design_1_clk_wiz_0_1_board.xdc] for cell 'design_1_i/clk_wiz_0/inst'
Finished Parsing XDC File [/home/kiev/Gits/wearable_project_main/vivado_and_sdk/vivado_project/vivado_project.srcs/sources_1/bd/design_1/ip/design_1_clk_wiz_0_1/design_1_clk_wiz_0_1_board.xdc] for cell 'design_1_i/clk_wiz_0/inst'
Parsing XDC File [/home/kiev/Gits/wearable_project_main/vivado_and_sdk/vivado_project/vivado_project.srcs/sources_1/bd/design_1/ip/design_1_clk_wiz_0_1/design_1_clk_wiz_0_1.xdc] for cell 'design_1_i/clk_wiz_0/inst'
INFO: [Timing 38-35] Done setting XDC timing constraints. [/home/kiev/Gits/wearable_project_main/vivado_and_sdk/vivado_project/vivado_project.srcs/sources_1/bd/design_1/ip/design_1_clk_wiz_0_1/design_1_clk_wiz_0_1.xdc:57]
INFO: [Timing 38-2] Deriving generated clocks [/home/kiev/Gits/wearable_project_main/vivado_and_sdk/vivado_project/vivado_project.srcs/sources_1/bd/design_1/ip/design_1_clk_wiz_0_1/design_1_clk_wiz_0_1.xdc:57]
get_clocks: Time (s): cpu = 00:00:22 ; elapsed = 00:00:38 . Memory (MB): peak = 2175.129 ; gain = 516.445 ; free physical = 1516 ; free virtual = 16013
Finished Parsing XDC File [/home/kiev/Gits/wearable_project_main/vivado_and_sdk/vivado_project/vivado_project.srcs/sources_1/bd/design_1/ip/design_1_clk_wiz_0_1/design_1_clk_wiz_0_1.xdc] for cell 'design_1_i/clk_wiz_0/inst'
Parsing XDC File [/home/kiev/Gits/wearable_project_main/vivado_and_sdk/vivado_project/vivado_project.srcs/sources_1/bd/design_1/ip/design_1_mig_7series_0_0/design_1_mig_7series_0_0/user_design/constraints/design_1_mig_7series_0_0.xdc] for cell 'design_1_i/mig_7series_0'
Finished Parsing XDC File [/home/kiev/Gits/wearable_project_main/vivado_and_sdk/vivado_project/vivado_project.srcs/sources_1/bd/design_1/ip/design_1_mig_7series_0_0/design_1_mig_7series_0_0/user_design/constraints/design_1_mig_7series_0_0.xdc] for cell 'design_1_i/mig_7series_0'
Parsing XDC File [/home/kiev/Gits/wearable_project_main/vivado_and_sdk/vivado_project/vivado_project.srcs/sources_1/bd/design_1/ip/design_1_mig_7series_0_0/design_1_mig_7series_0_0_board.xdc] for cell 'design_1_i/mig_7series_0'
Finished Parsing XDC File [/home/kiev/Gits/wearable_project_main/vivado_and_sdk/vivado_project/vivado_project.srcs/sources_1/bd/design_1/ip/design_1_mig_7series_0_0/design_1_mig_7series_0_0_board.xdc] for cell 'design_1_i/mig_7series_0'
Parsing XDC File [/home/kiev/Gits/wearable_project_main/vivado_and_sdk/vivado_project/vivado_project.srcs/sources_1/bd/design_1/ip/design_1_axi_gpio_0_3/design_1_axi_gpio_0_3_board.xdc] for cell 'design_1_i/axi_gpio_shield/U0'
Finished Parsing XDC File [/home/kiev/Gits/wearable_project_main/vivado_and_sdk/vivado_project/vivado_project.srcs/sources_1/bd/design_1/ip/design_1_axi_gpio_0_3/design_1_axi_gpio_0_3_board.xdc] for cell 'design_1_i/axi_gpio_shield/U0'
Parsing XDC File [/home/kiev/Gits/wearable_project_main/vivado_and_sdk/vivado_project/vivado_project.srcs/sources_1/bd/design_1/ip/design_1_axi_gpio_0_3/design_1_axi_gpio_0_3.xdc] for cell 'design_1_i/axi_gpio_shield/U0'
Finished Parsing XDC File [/home/kiev/Gits/wearable_project_main/vivado_and_sdk/vivado_project/vivado_project.srcs/sources_1/bd/design_1/ip/design_1_axi_gpio_0_3/design_1_axi_gpio_0_3.xdc] for cell 'design_1_i/axi_gpio_shield/U0'
Parsing XDC File [/home/kiev/Gits/wearable_project_main/vivado_and_sdk/vivado_project/vivado_project.srcs/sources_1/bd/design_1/ip/design_1_axi_gpio_0_4/design_1_axi_gpio_0_4_board.xdc] for cell 'design_1_i/axi_gpio_led_switch/U0'
Finished Parsing XDC File [/home/kiev/Gits/wearable_project_main/vivado_and_sdk/vivado_project/vivado_project.srcs/sources_1/bd/design_1/ip/design_1_axi_gpio_0_4/design_1_axi_gpio_0_4_board.xdc] for cell 'design_1_i/axi_gpio_led_switch/U0'
Parsing XDC File [/home/kiev/Gits/wearable_project_main/vivado_and_sdk/vivado_project/vivado_project.srcs/sources_1/bd/design_1/ip/design_1_axi_gpio_0_4/design_1_axi_gpio_0_4.xdc] for cell 'design_1_i/axi_gpio_led_switch/U0'
Finished Parsing XDC File [/home/kiev/Gits/wearable_project_main/vivado_and_sdk/vivado_project/vivado_project.srcs/sources_1/bd/design_1/ip/design_1_axi_gpio_0_4/design_1_axi_gpio_0_4.xdc] for cell 'design_1_i/axi_gpio_led_switch/U0'
Parsing XDC File [/home/kiev/Gits/wearable_project_main/vivado_and_sdk/vivado_project/vivado_project.srcs/sources_1/bd/design_1/ip/design_1_axi_uartlite_0_1/design_1_axi_uartlite_0_1_board.xdc] for cell 'design_1_i/axi_uartlite_0/U0'
Finished Parsing XDC File [/home/kiev/Gits/wearable_project_main/vivado_and_sdk/vivado_project/vivado_project.srcs/sources_1/bd/design_1/ip/design_1_axi_uartlite_0_1/design_1_axi_uartlite_0_1_board.xdc] for cell 'design_1_i/axi_uartlite_0/U0'
Parsing XDC File [/home/kiev/Gits/wearable_project_main/vivado_and_sdk/vivado_project/vivado_project.srcs/sources_1/bd/design_1/ip/design_1_axi_uartlite_0_1/design_1_axi_uartlite_0_1.xdc] for cell 'design_1_i/axi_uartlite_0/U0'
Finished Parsing XDC File [/home/kiev/Gits/wearable_project_main/vivado_and_sdk/vivado_project/vivado_project.srcs/sources_1/bd/design_1/ip/design_1_axi_uartlite_0_1/design_1_axi_uartlite_0_1.xdc] for cell 'design_1_i/axi_uartlite_0/U0'
Parsing XDC File [/home/kiev/Gits/wearable_project_main/vivado_and_sdk/vivado_project/vivado_project.srcs/sources_1/bd/design_1/ip/design_1_microblaze_0_1/design_1_microblaze_0_1.xdc] for cell 'design_1_i/microblaze_0/U0'
Finished Parsing XDC File [/home/kiev/Gits/wearable_project_main/vivado_and_sdk/vivado_project/vivado_project.srcs/sources_1/bd/design_1/ip/design_1_microblaze_0_1/design_1_microblaze_0_1.xdc] for cell 'design_1_i/microblaze_0/U0'
Parsing XDC File [/home/kiev/Gits/wearable_project_main/vivado_and_sdk/vivado_project/vivado_project.srcs/sources_1/bd/design_1/ip/design_1_microblaze_0_axi_intc_1/design_1_microblaze_0_axi_intc_1.xdc] for cell 'design_1_i/microblaze_0_axi_intc/U0'
Finished Parsing XDC File [/home/kiev/Gits/wearable_project_main/vivado_and_sdk/vivado_project/vivado_project.srcs/sources_1/bd/design_1/ip/design_1_microblaze_0_axi_intc_1/design_1_microblaze_0_axi_intc_1.xdc] for cell 'design_1_i/microblaze_0_axi_intc/U0'
Parsing XDC File [/home/kiev/Gits/wearable_project_main/vivado_and_sdk/vivado_project/vivado_project.srcs/sources_1/bd/design_1/ip/design_1_mdm_1_1/design_1_mdm_1_1.xdc] for cell 'design_1_i/mdm_1/U0'
Finished Parsing XDC File [/home/kiev/Gits/wearable_project_main/vivado_and_sdk/vivado_project/vivado_project.srcs/sources_1/bd/design_1/ip/design_1_mdm_1_1/design_1_mdm_1_1.xdc] for cell 'design_1_i/mdm_1/U0'
Parsing XDC File [/home/kiev/Gits/wearable_project_main/vivado_and_sdk/vivado_project/vivado_project.srcs/sources_1/bd/design_1/ip/design_1_rst_clk_wiz_0_100M_1/design_1_rst_clk_wiz_0_100M_1_board.xdc] for cell 'design_1_i/rst_clk_wiz_0_100M/U0'
Finished Parsing XDC File [/home/kiev/Gits/wearable_project_main/vivado_and_sdk/vivado_project/vivado_project.srcs/sources_1/bd/design_1/ip/design_1_rst_clk_wiz_0_100M_1/design_1_rst_clk_wiz_0_100M_1_board.xdc] for cell 'design_1_i/rst_clk_wiz_0_100M/U0'
Parsing XDC File [/home/kiev/Gits/wearable_project_main/vivado_and_sdk/vivado_project/vivado_project.srcs/sources_1/bd/design_1/ip/design_1_rst_clk_wiz_0_100M_1/design_1_rst_clk_wiz_0_100M_1.xdc] for cell 'design_1_i/rst_clk_wiz_0_100M/U0'
Finished Parsing XDC File [/home/kiev/Gits/wearable_project_main/vivado_and_sdk/vivado_project/vivado_project.srcs/sources_1/bd/design_1/ip/design_1_rst_clk_wiz_0_100M_1/design_1_rst_clk_wiz_0_100M_1.xdc] for cell 'design_1_i/rst_clk_wiz_0_100M/U0'
Parsing XDC File [/home/kiev/Gits/wearable_project_main/vivado_and_sdk/vivado_project/vivado_project.srcs/sources_1/bd/design_1/ip/design_1_axi_smc_0/bd_0/ip/ip_1/bd_afc3_psr0_0_board.xdc] for cell 'design_1_i/axi_smc/inst/clk_map/psr0/U0'
Finished Parsing XDC File [/home/kiev/Gits/wearable_project_main/vivado_and_sdk/vivado_project/vivado_project.srcs/sources_1/bd/design_1/ip/design_1_axi_smc_0/bd_0/ip/ip_1/bd_afc3_psr0_0_board.xdc] for cell 'design_1_i/axi_smc/inst/clk_map/psr0/U0'
Parsing XDC File [/home/kiev/Gits/wearable_project_main/vivado_and_sdk/vivado_project/vivado_project.srcs/sources_1/bd/design_1/ip/design_1_axi_smc_0/bd_0/ip/ip_1/bd_afc3_psr0_0.xdc] for cell 'design_1_i/axi_smc/inst/clk_map/psr0/U0'
Finished Parsing XDC File [/home/kiev/Gits/wearable_project_main/vivado_and_sdk/vivado_project/vivado_project.srcs/sources_1/bd/design_1/ip/design_1_axi_smc_0/bd_0/ip/ip_1/bd_afc3_psr0_0.xdc] for cell 'design_1_i/axi_smc/inst/clk_map/psr0/U0'
Parsing XDC File [/home/kiev/Gits/wearable_project_main/vivado_and_sdk/vivado_project/vivado_project.srcs/sources_1/bd/design_1/ip/design_1_axi_smc_0/bd_0/ip/ip_2/bd_afc3_psr_aclk_0_board.xdc] for cell 'design_1_i/axi_smc/inst/clk_map/psr_aclk/U0'
Finished Parsing XDC File [/home/kiev/Gits/wearable_project_main/vivado_and_sdk/vivado_project/vivado_project.srcs/sources_1/bd/design_1/ip/design_1_axi_smc_0/bd_0/ip/ip_2/bd_afc3_psr_aclk_0_board.xdc] for cell 'design_1_i/axi_smc/inst/clk_map/psr_aclk/U0'
Parsing XDC File [/home/kiev/Gits/wearable_project_main/vivado_and_sdk/vivado_project/vivado_project.srcs/sources_1/bd/design_1/ip/design_1_axi_smc_0/bd_0/ip/ip_2/bd_afc3_psr_aclk_0.xdc] for cell 'design_1_i/axi_smc/inst/clk_map/psr_aclk/U0'
Finished Parsing XDC File [/home/kiev/Gits/wearable_project_main/vivado_and_sdk/vivado_project/vivado_project.srcs/sources_1/bd/design_1/ip/design_1_axi_smc_0/bd_0/ip/ip_2/bd_afc3_psr_aclk_0.xdc] for cell 'design_1_i/axi_smc/inst/clk_map/psr_aclk/U0'
Parsing XDC File [/home/kiev/Gits/wearable_project_main/vivado_and_sdk/vivado_project/vivado_project.srcs/sources_1/bd/design_1/ip/design_1_axi_smc_0/bd_0/ip/ip_3/bd_afc3_psr_aclk1_0_board.xdc] for cell 'design_1_i/axi_smc/inst/clk_map/psr_aclk1/U0'
Finished Parsing XDC File [/home/kiev/Gits/wearable_project_main/vivado_and_sdk/vivado_project/vivado_project.srcs/sources_1/bd/design_1/ip/design_1_axi_smc_0/bd_0/ip/ip_3/bd_afc3_psr_aclk1_0_board.xdc] for cell 'design_1_i/axi_smc/inst/clk_map/psr_aclk1/U0'
Parsing XDC File [/home/kiev/Gits/wearable_project_main/vivado_and_sdk/vivado_project/vivado_project.srcs/sources_1/bd/design_1/ip/design_1_axi_smc_0/bd_0/ip/ip_3/bd_afc3_psr_aclk1_0.xdc] for cell 'design_1_i/axi_smc/inst/clk_map/psr_aclk1/U0'
Finished Parsing XDC File [/home/kiev/Gits/wearable_project_main/vivado_and_sdk/vivado_project/vivado_project.srcs/sources_1/bd/design_1/ip/design_1_axi_smc_0/bd_0/ip/ip_3/bd_afc3_psr_aclk1_0.xdc] for cell 'design_1_i/axi_smc/inst/clk_map/psr_aclk1/U0'
Parsing XDC File [/home/kiev/Gits/wearable_project_main/vivado_and_sdk/vivado_project/vivado_project.srcs/sources_1/bd/design_1/ip/design_1_rst_mig_7series_0_83M_0/design_1_rst_mig_7series_0_83M_0_board.xdc] for cell 'design_1_i/rst_mig_7series_0_83M/U0'
Finished Parsing XDC File [/home/kiev/Gits/wearable_project_main/vivado_and_sdk/vivado_project/vivado_project.srcs/sources_1/bd/design_1/ip/design_1_rst_mig_7series_0_83M_0/design_1_rst_mig_7series_0_83M_0_board.xdc] for cell 'design_1_i/rst_mig_7series_0_83M/U0'
Parsing XDC File [/home/kiev/Gits/wearable_project_main/vivado_and_sdk/vivado_project/vivado_project.srcs/sources_1/bd/design_1/ip/design_1_rst_mig_7series_0_83M_0/design_1_rst_mig_7series_0_83M_0.xdc] for cell 'design_1_i/rst_mig_7series_0_83M/U0'
Finished Parsing XDC File [/home/kiev/Gits/wearable_project_main/vivado_and_sdk/vivado_project/vivado_project.srcs/sources_1/bd/design_1/ip/design_1_rst_mig_7series_0_83M_0/design_1_rst_mig_7series_0_83M_0.xdc] for cell 'design_1_i/rst_mig_7series_0_83M/U0'
Parsing XDC File [/home/kiev/Gits/wearable_project_main/vivado_and_sdk/vivado_project/vivado_project.srcs/sources_1/bd/design_1/ip/design_1_dlmb_v10_1/design_1_dlmb_v10_1.xdc] for cell 'design_1_i/microblaze_0_local_memory/dlmb_v10/U0'
Finished Parsing XDC File [/home/kiev/Gits/wearable_project_main/vivado_and_sdk/vivado_project/vivado_project.srcs/sources_1/bd/design_1/ip/design_1_dlmb_v10_1/design_1_dlmb_v10_1.xdc] for cell 'design_1_i/microblaze_0_local_memory/dlmb_v10/U0'
Parsing XDC File [/home/kiev/Gits/wearable_project_main/vivado_and_sdk/vivado_project/vivado_project.srcs/sources_1/bd/design_1/ip/design_1_ilmb_v10_1/design_1_ilmb_v10_1.xdc] for cell 'design_1_i/microblaze_0_local_memory/ilmb_v10/U0'
Finished Parsing XDC File [/home/kiev/Gits/wearable_project_main/vivado_and_sdk/vivado_project/vivado_project.srcs/sources_1/bd/design_1/ip/design_1_ilmb_v10_1/design_1_ilmb_v10_1.xdc] for cell 'design_1_i/microblaze_0_local_memory/ilmb_v10/U0'
Parsing XDC File [/home/kiev/Gits/wearable_project_main/vivado_and_sdk/vivado_project/vivado_project.srcs/sources_1/bd/design_1/ip/design_1_axi_timer_0_0/design_1_axi_timer_0_0.xdc] for cell 'design_1_i/axi_timer_0/U0'
Finished Parsing XDC File [/home/kiev/Gits/wearable_project_main/vivado_and_sdk/vivado_project/vivado_project.srcs/sources_1/bd/design_1/ip/design_1_axi_timer_0_0/design_1_axi_timer_0_0.xdc] for cell 'design_1_i/axi_timer_0/U0'
Parsing XDC File [/home/kiev/Gits/wearable_project_main/vivado_and_sdk/vivado_project/vivado_project.srcs/sources_1/bd/design_1/ip/design_1_PmodBLE_0_0/src/PmodBLE_axi_uart16550_0_0/PmodBLE_axi_uart16550_0_0_board.xdc] for cell 'design_1_i/PmodBLE_0/inst/axi_uart16550_0/U0'
Finished Parsing XDC File [/home/kiev/Gits/wearable_project_main/vivado_and_sdk/vivado_project/vivado_project.srcs/sources_1/bd/design_1/ip/design_1_PmodBLE_0_0/src/PmodBLE_axi_uart16550_0_0/PmodBLE_axi_uart16550_0_0_board.xdc] for cell 'design_1_i/PmodBLE_0/inst/axi_uart16550_0/U0'
Parsing XDC File [/home/kiev/Gits/wearable_project_main/vivado_and_sdk/vivado_project/vivado_project.srcs/sources_1/bd/design_1/ip/design_1_PmodBLE_0_0/src/PmodBLE_axi_uart16550_0_0/PmodBLE_axi_uart16550_0_0.xdc] for cell 'design_1_i/PmodBLE_0/inst/axi_uart16550_0/U0'
Finished Parsing XDC File [/home/kiev/Gits/wearable_project_main/vivado_and_sdk/vivado_project/vivado_project.srcs/sources_1/bd/design_1/ip/design_1_PmodBLE_0_0/src/PmodBLE_axi_uart16550_0_0/PmodBLE_axi_uart16550_0_0.xdc] for cell 'design_1_i/PmodBLE_0/inst/axi_uart16550_0/U0'
Parsing XDC File [/home/kiev/Gits/wearable_project_main/vivado_and_sdk/vivado_project/vivado_project.srcs/sources_1/bd/design_1/ip/design_1_PmodBLE_0_0/src/PmodBLE_pmod_bridge_0_0/PmodBLE_pmod_bridge_0_0_board.xdc] for cell 'design_1_i/PmodBLE_0/inst/pmod_bridge_0/inst'
Finished Parsing XDC File [/home/kiev/Gits/wearable_project_main/vivado_and_sdk/vivado_project/vivado_project.srcs/sources_1/bd/design_1/ip/design_1_PmodBLE_0_0/src/PmodBLE_pmod_bridge_0_0/PmodBLE_pmod_bridge_0_0_board.xdc] for cell 'design_1_i/PmodBLE_0/inst/pmod_bridge_0/inst'
Parsing XDC File [/home/kiev/Gits/wearable_project_main/vivado_and_sdk/vivado_project/vivado_project.srcs/sources_1/bd/design_1/ip/design_1_PmodBLE_0_0/src/PmodBLE_axi_gpio_0_0/PmodBLE_axi_gpio_0_0_board.xdc] for cell 'design_1_i/PmodBLE_0/inst/axi_gpio_0/U0'
Finished Parsing XDC File [/home/kiev/Gits/wearable_project_main/vivado_and_sdk/vivado_project/vivado_project.srcs/sources_1/bd/design_1/ip/design_1_PmodBLE_0_0/src/PmodBLE_axi_gpio_0_0/PmodBLE_axi_gpio_0_0_board.xdc] for cell 'design_1_i/PmodBLE_0/inst/axi_gpio_0/U0'
Parsing XDC File [/home/kiev/Gits/wearable_project_main/vivado_and_sdk/vivado_project/vivado_project.srcs/sources_1/bd/design_1/ip/design_1_PmodBLE_0_0/src/PmodBLE_axi_gpio_0_0/PmodBLE_axi_gpio_0_0.xdc] for cell 'design_1_i/PmodBLE_0/inst/axi_gpio_0/U0'
Finished Parsing XDC File [/home/kiev/Gits/wearable_project_main/vivado_and_sdk/vivado_project/vivado_project.srcs/sources_1/bd/design_1/ip/design_1_PmodBLE_0_0/src/PmodBLE_axi_gpio_0_0/PmodBLE_axi_gpio_0_0.xdc] for cell 'design_1_i/PmodBLE_0/inst/axi_gpio_0/U0'
Parsing XDC File [/home/kiev/Gits/wearable_project_main/vivado_and_sdk/vivado_project/vivado_project.srcs/sources_1/bd/design_1/ip/design_1_PmodBLE_0_0/design_1_PmodBLE_0_0_board.xdc] for cell 'design_1_i/PmodBLE_0/inst'
Finished Parsing XDC File [/home/kiev/Gits/wearable_project_main/vivado_and_sdk/vivado_project/vivado_project.srcs/sources_1/bd/design_1/ip/design_1_PmodBLE_0_0/design_1_PmodBLE_0_0_board.xdc] for cell 'design_1_i/PmodBLE_0/inst'
INFO: [Project 1-538] Using original IP XDC constraints instead of the XDC constraints in dcp '/home/kiev/Gits/wearable_project_main/vivado_and_sdk/vivado_project/vivado_project.srcs/sources_1/bd/design_1/ip/design_1_axi_smc_0/design_1_axi_smc_0.dcp'
Parsing XDC File [/home/kiev/Gits/wearable_project_main/vivado_and_sdk/vivado_project/vivado_project.srcs/sources_1/bd/design_1/ip/design_1_microblaze_0_axi_intc_1/design_1_microblaze_0_axi_intc_1_clocks.xdc] for cell 'design_1_i/microblaze_0_axi_intc/U0'
Finished Parsing XDC File [/home/kiev/Gits/wearable_project_main/vivado_and_sdk/vivado_project/vivado_project.srcs/sources_1/bd/design_1/ip/design_1_microblaze_0_axi_intc_1/design_1_microblaze_0_axi_intc_1_clocks.xdc] for cell 'design_1_i/microblaze_0_axi_intc/U0'
Sourcing Tcl File [/opt/Xilinx/Vivado/2017.4/data/ip/xpm/xpm_cdc/tcl/xpm_cdc_gray.tcl] for cell 'design_1_i/axi_smc/inst/m00_nodes/m00_ar_node/inst/inst_mi_handler/gen_normal_area.inst_fifo_node_payld/gen_xpm_memory_fifo.inst_fifo/gen_async_clocks.inst_cdc_addrb_to_wr_clk'
Finished Sourcing Tcl File [/opt/Xilinx/Vivado/2017.4/data/ip/xpm/xpm_cdc/tcl/xpm_cdc_gray.tcl] for cell 'design_1_i/axi_smc/inst/m00_nodes/m00_ar_node/inst/inst_mi_handler/gen_normal_area.inst_fifo_node_payld/gen_xpm_memory_fifo.inst_fifo/gen_async_clocks.inst_cdc_addrb_to_wr_clk'
Sourcing Tcl File [/opt/Xilinx/Vivado/2017.4/data/ip/xpm/xpm_cdc/tcl/xpm_cdc_gray.tcl] for cell 'design_1_i/axi_smc/inst/m00_nodes/m00_b_node/inst/inst_mi_handler/gen_normal_area.inst_fifo_node_payld/gen_xpm_memory_fifo.inst_fifo/gen_async_clocks.inst_cdc_addrb_to_wr_clk'
Finished Sourcing Tcl File [/opt/Xilinx/Vivado/2017.4/data/ip/xpm/xpm_cdc/tcl/xpm_cdc_gray.tcl] for cell 'design_1_i/axi_smc/inst/m00_nodes/m00_b_node/inst/inst_mi_handler/gen_normal_area.inst_fifo_node_payld/gen_xpm_memory_fifo.inst_fifo/gen_async_clocks.inst_cdc_addrb_to_wr_clk'
Sourcing Tcl File [/opt/Xilinx/Vivado/2017.4/data/ip/xpm/xpm_cdc/tcl/xpm_cdc_gray.tcl] for cell 'design_1_i/axi_smc/inst/m00_nodes/m00_b_node/inst/inst_mi_handler/gen_normal_area.gen_fifo_req.inst_fifo_req/gen_xpm_memory_fifo.inst_fifo/gen_async_clocks.inst_cdc_addra_to_rd_clk'
Finished Sourcing Tcl File [/opt/Xilinx/Vivado/2017.4/data/ip/xpm/xpm_cdc/tcl/xpm_cdc_gray.tcl] for cell 'design_1_i/axi_smc/inst/m00_nodes/m00_b_node/inst/inst_mi_handler/gen_normal_area.gen_fifo_req.inst_fifo_req/gen_xpm_memory_fifo.inst_fifo/gen_async_clocks.inst_cdc_addra_to_rd_clk'
Sourcing Tcl File [/opt/Xilinx/Vivado/2017.4/data/ip/xpm/xpm_cdc/tcl/xpm_cdc_gray.tcl] for cell 'design_1_i/axi_smc/inst/m00_nodes/m00_b_node/inst/inst_mi_handler/gen_normal_area.gen_fifo_req.inst_fifo_req/gen_xpm_memory_fifo.inst_fifo/gen_async_clocks.inst_cdc_addrb_to_wr_clk'
Finished Sourcing Tcl File [/opt/Xilinx/Vivado/2017.4/data/ip/xpm/xpm_cdc/tcl/xpm_cdc_gray.tcl] for cell 'design_1_i/axi_smc/inst/m00_nodes/m00_b_node/inst/inst_mi_handler/gen_normal_area.gen_fifo_req.inst_fifo_req/gen_xpm_memory_fifo.inst_fifo/gen_async_clocks.inst_cdc_addrb_to_wr_clk'
Sourcing Tcl File [/opt/Xilinx/Vivado/2017.4/data/ip/xpm/xpm_cdc/tcl/xpm_cdc_gray.tcl] for cell 'design_1_i/axi_smc/inst/m00_nodes/m00_aw_node/inst/inst_mi_handler/gen_normal_area.inst_fifo_node_payld/gen_xpm_memory_fifo.inst_fifo/gen_async_clocks.inst_cdc_addra_to_rd_clk'
Finished Sourcing Tcl File [/opt/Xilinx/Vivado/2017.4/data/ip/xpm/xpm_cdc/tcl/xpm_cdc_gray.tcl] for cell 'design_1_i/axi_smc/inst/m00_nodes/m00_aw_node/inst/inst_mi_handler/gen_normal_area.inst_fifo_node_payld/gen_xpm_memory_fifo.inst_fifo/gen_async_clocks.inst_cdc_addra_to_rd_clk'
Sourcing Tcl File [/opt/Xilinx/Vivado/2017.4/data/ip/xpm/xpm_cdc/tcl/xpm_cdc_gray.tcl] for cell 'design_1_i/axi_smc/inst/m00_nodes/m00_aw_node/inst/inst_mi_handler/gen_normal_area.inst_fifo_node_payld/gen_xpm_memory_fifo.inst_fifo/gen_async_clocks.inst_cdc_addrb_to_wr_clk'
Finished Sourcing Tcl File [/opt/Xilinx/Vivado/2017.4/data/ip/xpm/xpm_cdc/tcl/xpm_cdc_gray.tcl] for cell 'design_1_i/axi_smc/inst/m00_nodes/m00_aw_node/inst/inst_mi_handler/gen_normal_area.inst_fifo_node_payld/gen_xpm_memory_fifo.inst_fifo/gen_async_clocks.inst_cdc_addrb_to_wr_clk'
Sourcing Tcl File [/opt/Xilinx/Vivado/2017.4/data/ip/xpm/xpm_cdc/tcl/xpm_cdc_gray.tcl] for cell 'design_1_i/axi_smc/inst/m00_nodes/m00_ar_node/inst/inst_mi_handler/gen_normal_area.inst_fifo_node_payld/gen_xpm_memory_fifo.inst_fifo/gen_async_clocks.inst_cdc_addra_to_rd_clk'
Finished Sourcing Tcl File [/opt/Xilinx/Vivado/2017.4/data/ip/xpm/xpm_cdc/tcl/xpm_cdc_gray.tcl] for cell 'design_1_i/axi_smc/inst/m00_nodes/m00_ar_node/inst/inst_mi_handler/gen_normal_area.inst_fifo_node_payld/gen_xpm_memory_fifo.inst_fifo/gen_async_clocks.inst_cdc_addra_to_rd_clk'
Sourcing Tcl File [/opt/Xilinx/Vivado/2017.4/data/ip/xpm/xpm_cdc/tcl/xpm_cdc_gray.tcl] for cell 'design_1_i/axi_smc/inst/m00_nodes/m00_w_node/inst/inst_mi_handler/gen_normal_area.inst_fifo_node_payld/gen_xpm_memory_fifo.inst_fifo/gen_async_clocks.inst_cdc_addra_to_rd_clk'
Finished Sourcing Tcl File [/opt/Xilinx/Vivado/2017.4/data/ip/xpm/xpm_cdc/tcl/xpm_cdc_gray.tcl] for cell 'design_1_i/axi_smc/inst/m00_nodes/m00_w_node/inst/inst_mi_handler/gen_normal_area.inst_fifo_node_payld/gen_xpm_memory_fifo.inst_fifo/gen_async_clocks.inst_cdc_addra_to_rd_clk'
Sourcing Tcl File [/opt/Xilinx/Vivado/2017.4/data/ip/xpm/xpm_cdc/tcl/xpm_cdc_gray.tcl] for cell 'design_1_i/axi_smc/inst/m00_nodes/m00_w_node/inst/inst_mi_handler/gen_normal_area.inst_fifo_node_payld/gen_xpm_memory_fifo.inst_fifo/gen_async_clocks.inst_cdc_addrb_to_wr_clk'
Finished Sourcing Tcl File [/opt/Xilinx/Vivado/2017.4/data/ip/xpm/xpm_cdc/tcl/xpm_cdc_gray.tcl] for cell 'design_1_i/axi_smc/inst/m00_nodes/m00_w_node/inst/inst_mi_handler/gen_normal_area.inst_fifo_node_payld/gen_xpm_memory_fifo.inst_fifo/gen_async_clocks.inst_cdc_addrb_to_wr_clk'
Sourcing Tcl File [/opt/Xilinx/Vivado/2017.4/data/ip/xpm/xpm_cdc/tcl/xpm_cdc_gray.tcl] for cell 'design_1_i/axi_smc/inst/m00_nodes/m00_r_node/inst/inst_mi_handler/gen_normal_area.inst_fifo_node_payld/gen_xpm_memory_fifo.inst_fifo/gen_async_clocks.inst_cdc_addra_to_rd_clk'
Finished Sourcing Tcl File [/opt/Xilinx/Vivado/2017.4/data/ip/xpm/xpm_cdc/tcl/xpm_cdc_gray.tcl] for cell 'design_1_i/axi_smc/inst/m00_nodes/m00_r_node/inst/inst_mi_handler/gen_normal_area.inst_fifo_node_payld/gen_xpm_memory_fifo.inst_fifo/gen_async_clocks.inst_cdc_addra_to_rd_clk'
Sourcing Tcl File [/opt/Xilinx/Vivado/2017.4/data/ip/xpm/xpm_cdc/tcl/xpm_cdc_gray.tcl] for cell 'design_1_i/axi_smc/inst/m00_nodes/m00_r_node/inst/inst_mi_handler/gen_normal_area.inst_fifo_node_payld/gen_xpm_memory_fifo.inst_fifo/gen_async_clocks.inst_cdc_addrb_to_wr_clk'
Finished Sourcing Tcl File [/opt/Xilinx/Vivado/2017.4/data/ip/xpm/xpm_cdc/tcl/xpm_cdc_gray.tcl] for cell 'design_1_i/axi_smc/inst/m00_nodes/m00_r_node/inst/inst_mi_handler/gen_normal_area.inst_fifo_node_payld/gen_xpm_memory_fifo.inst_fifo/gen_async_clocks.inst_cdc_addrb_to_wr_clk'
Sourcing Tcl File [/opt/Xilinx/Vivado/2017.4/data/ip/xpm/xpm_cdc/tcl/xpm_cdc_gray.tcl] for cell 'design_1_i/axi_smc/inst/m00_nodes/m00_r_node/inst/inst_mi_handler/gen_normal_area.gen_fifo_req.inst_fifo_req/gen_xpm_memory_fifo.inst_fifo/gen_async_clocks.inst_cdc_addra_to_rd_clk'
Finished Sourcing Tcl File [/opt/Xilinx/Vivado/2017.4/data/ip/xpm/xpm_cdc/tcl/xpm_cdc_gray.tcl] for cell 'design_1_i/axi_smc/inst/m00_nodes/m00_r_node/inst/inst_mi_handler/gen_normal_area.gen_fifo_req.inst_fifo_req/gen_xpm_memory_fifo.inst_fifo/gen_async_clocks.inst_cdc_addra_to_rd_clk'
Sourcing Tcl File [/opt/Xilinx/Vivado/2017.4/data/ip/xpm/xpm_cdc/tcl/xpm_cdc_gray.tcl] for cell 'design_1_i/axi_smc/inst/m00_nodes/m00_r_node/inst/inst_mi_handler/gen_normal_area.gen_fifo_req.inst_fifo_req/gen_xpm_memory_fifo.inst_fifo/gen_async_clocks.inst_cdc_addrb_to_wr_clk'
Finished Sourcing Tcl File [/opt/Xilinx/Vivado/2017.4/data/ip/xpm/xpm_cdc/tcl/xpm_cdc_gray.tcl] for cell 'design_1_i/axi_smc/inst/m00_nodes/m00_r_node/inst/inst_mi_handler/gen_normal_area.gen_fifo_req.inst_fifo_req/gen_xpm_memory_fifo.inst_fifo/gen_async_clocks.inst_cdc_addrb_to_wr_clk'
Sourcing Tcl File [/opt/Xilinx/Vivado/2017.4/data/ip/xpm/xpm_cdc/tcl/xpm_cdc_gray.tcl] for cell 'design_1_i/axi_smc/inst/m00_nodes/m00_b_node/inst/inst_mi_handler/gen_normal_area.inst_fifo_node_payld/gen_xpm_memory_fifo.inst_fifo/gen_async_clocks.inst_cdc_addra_to_rd_clk'
Finished Sourcing Tcl File [/opt/Xilinx/Vivado/2017.4/data/ip/xpm/xpm_cdc/tcl/xpm_cdc_gray.tcl] for cell 'design_1_i/axi_smc/inst/m00_nodes/m00_b_node/inst/inst_mi_handler/gen_normal_area.inst_fifo_node_payld/gen_xpm_memory_fifo.inst_fifo/gen_async_clocks.inst_cdc_addra_to_rd_clk'
Sourcing Tcl File [/opt/Xilinx/Vivado/2017.4/data/ip/xpm/xpm_memory/tcl/xpm_memory_xdc.tcl] for cell 'design_1_i/axi_smc/inst/m00_nodes/m00_ar_node/inst/inst_mi_handler/gen_normal_area.inst_fifo_node_payld/gen_xpm_memory_fifo.inst_fifo/gen_mem_rep[0].inst_xpm_memory'
Finished Sourcing Tcl File [/opt/Xilinx/Vivado/2017.4/data/ip/xpm/xpm_memory/tcl/xpm_memory_xdc.tcl] for cell 'design_1_i/axi_smc/inst/m00_nodes/m00_ar_node/inst/inst_mi_handler/gen_normal_area.inst_fifo_node_payld/gen_xpm_memory_fifo.inst_fifo/gen_mem_rep[0].inst_xpm_memory'
Sourcing Tcl File [/opt/Xilinx/Vivado/2017.4/data/ip/xpm/xpm_memory/tcl/xpm_memory_xdc.tcl] for cell 'design_1_i/axi_smc/inst/m00_nodes/m00_aw_node/inst/inst_mi_handler/gen_normal_area.inst_fifo_node_payld/gen_xpm_memory_fifo.inst_fifo/gen_mem_rep[0].inst_xpm_memory'
Finished Sourcing Tcl File [/opt/Xilinx/Vivado/2017.4/data/ip/xpm/xpm_memory/tcl/xpm_memory_xdc.tcl] for cell 'design_1_i/axi_smc/inst/m00_nodes/m00_aw_node/inst/inst_mi_handler/gen_normal_area.inst_fifo_node_payld/gen_xpm_memory_fifo.inst_fifo/gen_mem_rep[0].inst_xpm_memory'
Sourcing Tcl File [/opt/Xilinx/Vivado/2017.4/data/ip/xpm/xpm_memory/tcl/xpm_memory_xdc.tcl] for cell 'design_1_i/axi_smc/inst/m00_nodes/m00_b_node/inst/inst_mi_handler/gen_normal_area.gen_fifo_req.inst_fifo_req/gen_xpm_memory_fifo.inst_fifo/gen_mem_rep[0].inst_xpm_memory'
Finished Sourcing Tcl File [/opt/Xilinx/Vivado/2017.4/data/ip/xpm/xpm_memory/tcl/xpm_memory_xdc.tcl] for cell 'design_1_i/axi_smc/inst/m00_nodes/m00_b_node/inst/inst_mi_handler/gen_normal_area.gen_fifo_req.inst_fifo_req/gen_xpm_memory_fifo.inst_fifo/gen_mem_rep[0].inst_xpm_memory'
Sourcing Tcl File [/opt/Xilinx/Vivado/2017.4/data/ip/xpm/xpm_memory/tcl/xpm_memory_xdc.tcl] for cell 'design_1_i/axi_smc/inst/m00_nodes/m00_r_node/inst/inst_mi_handler/gen_normal_area.gen_fifo_req.inst_fifo_req/gen_xpm_memory_fifo.inst_fifo/gen_mem_rep[0].inst_xpm_memory'
Finished Sourcing Tcl File [/opt/Xilinx/Vivado/2017.4/data/ip/xpm/xpm_memory/tcl/xpm_memory_xdc.tcl] for cell 'design_1_i/axi_smc/inst/m00_nodes/m00_r_node/inst/inst_mi_handler/gen_normal_area.gen_fifo_req.inst_fifo_req/gen_xpm_memory_fifo.inst_fifo/gen_mem_rep[0].inst_xpm_memory'
Sourcing Tcl File [/opt/Xilinx/Vivado/2017.4/data/ip/xpm/xpm_memory/tcl/xpm_memory_xdc.tcl] for cell 'design_1_i/axi_smc/inst/m00_nodes/m00_b_node/inst/inst_mi_handler/gen_normal_area.inst_fifo_node_payld/gen_xpm_memory_fifo.inst_fifo/gen_mem_rep[0].inst_xpm_memory'
Finished Sourcing Tcl File [/opt/Xilinx/Vivado/2017.4/data/ip/xpm/xpm_memory/tcl/xpm_memory_xdc.tcl] for cell 'design_1_i/axi_smc/inst/m00_nodes/m00_b_node/inst/inst_mi_handler/gen_normal_area.inst_fifo_node_payld/gen_xpm_memory_fifo.inst_fifo/gen_mem_rep[0].inst_xpm_memory'
Sourcing Tcl File [/opt/Xilinx/Vivado/2017.4/data/ip/xpm/xpm_memory/tcl/xpm_memory_xdc.tcl] for cell 'design_1_i/axi_smc/inst/s00_nodes/s00_w_node/inst/inst_mi_handler/gen_normal_area.inst_fifo_node_payld/gen_xpm_memory_fifo.inst_fifo/gen_mem_rep[0].inst_xpm_memory'
Finished Sourcing Tcl File [/opt/Xilinx/Vivado/2017.4/data/ip/xpm/xpm_memory/tcl/xpm_memory_xdc.tcl] for cell 'design_1_i/axi_smc/inst/s00_nodes/s00_w_node/inst/inst_mi_handler/gen_normal_area.inst_fifo_node_payld/gen_xpm_memory_fifo.inst_fifo/gen_mem_rep[0].inst_xpm_memory'
Sourcing Tcl File [/opt/Xilinx/Vivado/2017.4/data/ip/xpm/xpm_memory/tcl/xpm_memory_xdc.tcl] for cell 'design_1_i/axi_smc/inst/m00_nodes/m00_r_node/inst/inst_mi_handler/gen_normal_area.inst_fifo_node_payld/gen_xpm_memory_fifo.inst_fifo/gen_mem_rep[0].inst_xpm_memory'
Finished Sourcing Tcl File [/opt/Xilinx/Vivado/2017.4/data/ip/xpm/xpm_memory/tcl/xpm_memory_xdc.tcl] for cell 'design_1_i/axi_smc/inst/m00_nodes/m00_r_node/inst/inst_mi_handler/gen_normal_area.inst_fifo_node_payld/gen_xpm_memory_fifo.inst_fifo/gen_mem_rep[0].inst_xpm_memory'
Sourcing Tcl File [/opt/Xilinx/Vivado/2017.4/data/ip/xpm/xpm_memory/tcl/xpm_memory_xdc.tcl] for cell 'design_1_i/axi_smc/inst/m00_nodes/m00_w_node/inst/inst_si_handler/gen_si_handler.gen_request_fifos.gen_req_fifo[0].inst_req_fifo/gen_xpm_memory_fifo.inst_fifo/gen_mem_rep[0].inst_xpm_memory'
Finished Sourcing Tcl File [/opt/Xilinx/Vivado/2017.4/data/ip/xpm/xpm_memory/tcl/xpm_memory_xdc.tcl] for cell 'design_1_i/axi_smc/inst/m00_nodes/m00_w_node/inst/inst_si_handler/gen_si_handler.gen_request_fifos.gen_req_fifo[0].inst_req_fifo/gen_xpm_memory_fifo.inst_fifo/gen_mem_rep[0].inst_xpm_memory'
Sourcing Tcl File [/opt/Xilinx/Vivado/2017.4/data/ip/xpm/xpm_memory/tcl/xpm_memory_xdc.tcl] for cell 'design_1_i/axi_smc/inst/m00_nodes/m00_w_node/inst/inst_si_handler/gen_si_handler.gen_request_fifos.gen_req_fifo[2].inst_req_fifo/gen_xpm_memory_fifo.inst_fifo/gen_mem_rep[0].inst_xpm_memory'
Finished Sourcing Tcl File [/opt/Xilinx/Vivado/2017.4/data/ip/xpm/xpm_memory/tcl/xpm_memory_xdc.tcl] for cell 'design_1_i/axi_smc/inst/m00_nodes/m00_w_node/inst/inst_si_handler/gen_si_handler.gen_request_fifos.gen_req_fifo[2].inst_req_fifo/gen_xpm_memory_fifo.inst_fifo/gen_mem_rep[0].inst_xpm_memory'
Sourcing Tcl File [/opt/Xilinx/Vivado/2017.4/data/ip/xpm/xpm_memory/tcl/xpm_memory_xdc.tcl] for cell 'design_1_i/axi_smc/inst/m00_nodes/m00_w_node/inst/inst_si_handler/gen_si_handler.gen_request_fifos.gen_req_fifo[1].inst_req_fifo/gen_xpm_memory_fifo.inst_fifo/gen_mem_rep[0].inst_xpm_memory'
Finished Sourcing Tcl File [/opt/Xilinx/Vivado/2017.4/data/ip/xpm/xpm_memory/tcl/xpm_memory_xdc.tcl] for cell 'design_1_i/axi_smc/inst/m00_nodes/m00_w_node/inst/inst_si_handler/gen_si_handler.gen_request_fifos.gen_req_fifo[1].inst_req_fifo/gen_xpm_memory_fifo.inst_fifo/gen_mem_rep[0].inst_xpm_memory'
Sourcing Tcl File [/opt/Xilinx/Vivado/2017.4/data/ip/xpm/xpm_memory/tcl/xpm_memory_xdc.tcl] for cell 'design_1_i/axi_smc/inst/m00_nodes/m00_w_node/inst/inst_mi_handler/gen_normal_area.inst_fifo_node_payld/gen_xpm_memory_fifo.inst_fifo/gen_mem_rep[0].inst_xpm_memory'
Finished Sourcing Tcl File [/opt/Xilinx/Vivado/2017.4/data/ip/xpm/xpm_memory/tcl/xpm_memory_xdc.tcl] for cell 'design_1_i/axi_smc/inst/m00_nodes/m00_w_node/inst/inst_mi_handler/gen_normal_area.inst_fifo_node_payld/gen_xpm_memory_fifo.inst_fifo/gen_mem_rep[0].inst_xpm_memory'
Sourcing Tcl File [/opt/Xilinx/Vivado/2017.4/data/ip/xpm/xpm_memory/tcl/xpm_memory_xdc.tcl] for cell 'design_1_i/axi_smc/inst/s00_nodes/s00_ar_node/inst/inst_mi_handler/gen_normal_area.gen_fifo_req.inst_fifo_req/gen_xpm_memory_fifo.inst_fifo/gen_mem_rep[0].inst_xpm_memory'
Finished Sourcing Tcl File [/opt/Xilinx/Vivado/2017.4/data/ip/xpm/xpm_memory/tcl/xpm_memory_xdc.tcl] for cell 'design_1_i/axi_smc/inst/s00_nodes/s00_ar_node/inst/inst_mi_handler/gen_normal_area.gen_fifo_req.inst_fifo_req/gen_xpm_memory_fifo.inst_fifo/gen_mem_rep[0].inst_xpm_memory'
Sourcing Tcl File [/opt/Xilinx/Vivado/2017.4/data/ip/xpm/xpm_memory/tcl/xpm_memory_xdc.tcl] for cell 'design_1_i/axi_smc/inst/s01_nodes/s01_ar_node/inst/inst_mi_handler/gen_normal_area.gen_fifo_req.inst_fifo_req/gen_xpm_memory_fifo.inst_fifo/gen_mem_rep[0].inst_xpm_memory'
Finished Sourcing Tcl File [/opt/Xilinx/Vivado/2017.4/data/ip/xpm/xpm_memory/tcl/xpm_memory_xdc.tcl] for cell 'design_1_i/axi_smc/inst/s01_nodes/s01_ar_node/inst/inst_mi_handler/gen_normal_area.gen_fifo_req.inst_fifo_req/gen_xpm_memory_fifo.inst_fifo/gen_mem_rep[0].inst_xpm_memory'
Sourcing Tcl File [/opt/Xilinx/Vivado/2017.4/data/ip/xpm/xpm_memory/tcl/xpm_memory_xdc.tcl] for cell 'design_1_i/axi_smc/inst/s00_nodes/s00_w_node/inst/inst_mi_handler/gen_normal_area.gen_fifo_req.inst_fifo_req/gen_xpm_memory_fifo.inst_fifo/gen_mem_rep[0].inst_xpm_memory'
Finished Sourcing Tcl File [/opt/Xilinx/Vivado/2017.4/data/ip/xpm/xpm_memory/tcl/xpm_memory_xdc.tcl] for cell 'design_1_i/axi_smc/inst/s00_nodes/s00_w_node/inst/inst_mi_handler/gen_normal_area.gen_fifo_req.inst_fifo_req/gen_xpm_memory_fifo.inst_fifo/gen_mem_rep[0].inst_xpm_memory'
Sourcing Tcl File [/opt/Xilinx/Vivado/2017.4/data/ip/xpm/xpm_memory/tcl/xpm_memory_xdc.tcl] for cell 'design_1_i/axi_smc/inst/s00_nodes/s00_aw_node/inst/inst_mi_handler/gen_normal_area.gen_fifo_req.inst_fifo_req/gen_xpm_memory_fifo.inst_fifo/gen_mem_rep[0].inst_xpm_memory'
Finished Sourcing Tcl File [/opt/Xilinx/Vivado/2017.4/data/ip/xpm/xpm_memory/tcl/xpm_memory_xdc.tcl] for cell 'design_1_i/axi_smc/inst/s00_nodes/s00_aw_node/inst/inst_mi_handler/gen_normal_area.gen_fifo_req.inst_fifo_req/gen_xpm_memory_fifo.inst_fifo/gen_mem_rep[0].inst_xpm_memory'
Sourcing Tcl File [/opt/Xilinx/Vivado/2017.4/data/ip/xpm/xpm_memory/tcl/xpm_memory_xdc.tcl] for cell 'design_1_i/axi_smc/inst/s00_nodes/s00_ar_node/inst/inst_mi_handler/gen_normal_area.inst_fifo_node_payld/gen_xpm_memory_fifo.inst_fifo/gen_mem_rep[0].inst_xpm_memory'
Finished Sourcing Tcl File [/opt/Xilinx/Vivado/2017.4/data/ip/xpm/xpm_memory/tcl/xpm_memory_xdc.tcl] for cell 'design_1_i/axi_smc/inst/s00_nodes/s00_ar_node/inst/inst_mi_handler/gen_normal_area.inst_fifo_node_payld/gen_xpm_memory_fifo.inst_fifo/gen_mem_rep[0].inst_xpm_memory'
Sourcing Tcl File [/opt/Xilinx/Vivado/2017.4/data/ip/xpm/xpm_memory/tcl/xpm_memory_xdc.tcl] for cell 'design_1_i/axi_smc/inst/s01_nodes/s01_ar_node/inst/inst_mi_handler/gen_normal_area.inst_fifo_node_payld/gen_xpm_memory_fifo.inst_fifo/gen_mem_rep[0].inst_xpm_memory'
Finished Sourcing Tcl File [/opt/Xilinx/Vivado/2017.4/data/ip/xpm/xpm_memory/tcl/xpm_memory_xdc.tcl] for cell 'design_1_i/axi_smc/inst/s01_nodes/s01_ar_node/inst/inst_mi_handler/gen_normal_area.inst_fifo_node_payld/gen_xpm_memory_fifo.inst_fifo/gen_mem_rep[0].inst_xpm_memory'
Sourcing Tcl File [/opt/Xilinx/Vivado/2017.4/data/ip/xpm/xpm_memory/tcl/xpm_memory_xdc.tcl] for cell 'design_1_i/axi_smc/inst/s00_nodes/s00_aw_node/inst/inst_mi_handler/gen_normal_area.inst_fifo_node_payld/gen_xpm_memory_fifo.inst_fifo/gen_mem_rep[0].inst_xpm_memory'
Finished Sourcing Tcl File [/opt/Xilinx/Vivado/2017.4/data/ip/xpm/xpm_memory/tcl/xpm_memory_xdc.tcl] for cell 'design_1_i/axi_smc/inst/s00_nodes/s00_aw_node/inst/inst_mi_handler/gen_normal_area.inst_fifo_node_payld/gen_xpm_memory_fifo.inst_fifo/gen_mem_rep[0].inst_xpm_memory'
Sourcing Tcl File [/opt/Xilinx/Vivado/2017.4/data/ip/xpm/xpm_memory/tcl/xpm_memory_xdc.tcl] for cell 'design_1_i/axi_smc/inst/s00_nodes/s00_b_node/inst/inst_mi_handler/gen_normal_area.gen_node_prog_full.inst_node_prog_full/gen_xpm_memory_fifo.inst_fifo/gen_mem_rep[0].inst_xpm_memory'
Finished Sourcing Tcl File [/opt/Xilinx/Vivado/2017.4/data/ip/xpm/xpm_memory/tcl/xpm_memory_xdc.tcl] for cell 'design_1_i/axi_smc/inst/s00_nodes/s00_b_node/inst/inst_mi_handler/gen_normal_area.gen_node_prog_full.inst_node_prog_full/gen_xpm_memory_fifo.inst_fifo/gen_mem_rep[0].inst_xpm_memory'
Sourcing Tcl File [/opt/Xilinx/Vivado/2017.4/data/ip/xpm/xpm_memory/tcl/xpm_memory_xdc.tcl] for cell 'design_1_i/axi_smc/inst/s01_nodes/s01_r_node/inst/inst_mi_handler/gen_normal_area.gen_node_prog_full.inst_node_prog_full/gen_xpm_memory_fifo.inst_fifo/gen_mem_rep[0].inst_xpm_memory'
Finished Sourcing Tcl File [/opt/Xilinx/Vivado/2017.4/data/ip/xpm/xpm_memory/tcl/xpm_memory_xdc.tcl] for cell 'design_1_i/axi_smc/inst/s01_nodes/s01_r_node/inst/inst_mi_handler/gen_normal_area.gen_node_prog_full.inst_node_prog_full/gen_xpm_memory_fifo.inst_fifo/gen_mem_rep[0].inst_xpm_memory'
Sourcing Tcl File [/opt/Xilinx/Vivado/2017.4/data/ip/xpm/xpm_memory/tcl/xpm_memory_xdc.tcl] for cell 'design_1_i/axi_smc/inst/s00_nodes/s00_r_node/inst/inst_mi_handler/gen_normal_area.gen_node_prog_full.inst_node_prog_full/gen_xpm_memory_fifo.inst_fifo/gen_mem_rep[0].inst_xpm_memory'
Finished Sourcing Tcl File [/opt/Xilinx/Vivado/2017.4/data/ip/xpm/xpm_memory/tcl/xpm_memory_xdc.tcl] for cell 'design_1_i/axi_smc/inst/s00_nodes/s00_r_node/inst/inst_mi_handler/gen_normal_area.gen_node_prog_full.inst_node_prog_full/gen_xpm_memory_fifo.inst_fifo/gen_mem_rep[0].inst_xpm_memory'
Sourcing Tcl File [/opt/Xilinx/Vivado/2017.4/data/ip/xpm/xpm_memory/tcl/xpm_memory_xdc.tcl] for cell 'design_1_i/axi_smc/inst/s00_nodes/s00_b_node/inst/inst_mi_handler/gen_normal_area.inst_fifo_node_payld/gen_xpm_memory_fifo.inst_fifo/gen_mem_rep[0].inst_xpm_memory'
Finished Sourcing Tcl File [/opt/Xilinx/Vivado/2017.4/data/ip/xpm/xpm_memory/tcl/xpm_memory_xdc.tcl] for cell 'design_1_i/axi_smc/inst/s00_nodes/s00_b_node/inst/inst_mi_handler/gen_normal_area.inst_fifo_node_payld/gen_xpm_memory_fifo.inst_fifo/gen_mem_rep[0].inst_xpm_memory'
Sourcing Tcl File [/opt/Xilinx/Vivado/2017.4/data/ip/xpm/xpm_memory/tcl/xpm_memory_xdc.tcl] for cell 'design_1_i/axi_smc/inst/s00_nodes/s00_r_node/inst/inst_mi_handler/gen_normal_area.inst_fifo_node_payld/gen_xpm_memory_fifo.inst_fifo/gen_mem_rep[0].inst_xpm_memory'
Finished Sourcing Tcl File [/opt/Xilinx/Vivado/2017.4/data/ip/xpm/xpm_memory/tcl/xpm_memory_xdc.tcl] for cell 'design_1_i/axi_smc/inst/s00_nodes/s00_r_node/inst/inst_mi_handler/gen_normal_area.inst_fifo_node_payld/gen_xpm_memory_fifo.inst_fifo/gen_mem_rep[0].inst_xpm_memory'
Sourcing Tcl File [/opt/Xilinx/Vivado/2017.4/data/ip/xpm/xpm_memory/tcl/xpm_memory_xdc.tcl] for cell 'design_1_i/axi_smc/inst/s01_nodes/s01_r_node/inst/inst_mi_handler/gen_normal_area.inst_fifo_node_payld/gen_xpm_memory_fifo.inst_fifo/gen_mem_rep[0].inst_xpm_memory'
Finished Sourcing Tcl File [/opt/Xilinx/Vivado/2017.4/data/ip/xpm/xpm_memory/tcl/xpm_memory_xdc.tcl] for cell 'design_1_i/axi_smc/inst/s01_nodes/s01_r_node/inst/inst_mi_handler/gen_normal_area.inst_fifo_node_payld/gen_xpm_memory_fifo.inst_fifo/gen_mem_rep[0].inst_xpm_memory'
INFO: [Opt 31-138] Pushed 0 inverter(s) to 0 load pin(s).
Generating merged BMM file for the design top 'design_1_wrapper'...
INFO: [Memdata 28-144] Successfully populated the BRAM INIT strings from the following elf files: /home/kiev/Gits/wearable_project_main/vivado_and_sdk/vivado_project/vivado_project.srcs/sources_1/bd/design_1/ip/design_1_microblaze_0_1/data/mb_bootloop_le.elf 
INFO: [Project 1-111] Unisim Transformation Summary:
  A total of 634 instances were transformed.
  IOBUF => IOBUF (IBUF, OBUFT): 48 instances
  IOBUFDS_INTERMDISABLE => IOBUFDS_INTERMDISABLE (IBUFDS_INTERMDISABLE_INT, IBUFDS_INTERMDISABLE_INT, INV, OBUFTDS, OBUFTDS): 2 instances
  IOBUF_INTERMDISABLE => IOBUF_INTERMDISABLE (IBUF_INTERMDISABLE, OBUFT): 16 instances
  LUT6_2 => LUT6_2 (LUT5, LUT6): 64 instances
  OBUFDS => OBUFDS_DUAL_BUF (INV, OBUFDS, OBUFDS): 1 instances
  RAM16X1D => RAM32X1D (RAMD32, RAMD32): 35 instances
  RAM32M => RAM32M (RAMD32, RAMD32, RAMD32, RAMD32, RAMD32, RAMD32, RAMS32, RAMS32): 433 instances
  RAM32X1D => RAM32X1D (RAMD32, RAMD32): 35 instances

34 Infos, 2 Warnings, 0 Critical Warnings and 0 Errors encountered.
link_design completed successfully
link_design: Time (s): cpu = 00:00:51 ; elapsed = 00:01:20 . Memory (MB): peak = 2200.148 ; gain = 964.066 ; free physical = 1590 ; free virtual = 16013
Command: opt_design
Attempting to get a license for feature 'Implementation' and/or device 'xc7a35ti'
INFO: [Common 17-349] Got license for feature 'Implementation' and/or device 'xc7a35ti'
Running DRC as a precondition to command opt_design

Starting DRC Task
INFO: [DRC 23-27] Running DRC with 4 threads
INFO: [Project 1-461] DRC finished with 0 Errors
INFO: [Project 1-462] Please refer to the DRC report (report_drc) for more information.

Time (s): cpu = 00:00:04 ; elapsed = 00:00:03 . Memory (MB): peak = 2232.145 ; gain = 31.996 ; free physical = 1569 ; free virtual = 15999
INFO: [Timing 38-35] Done setting XDC timing constraints.

Starting Logic Optimization Task

Phase 1 Retarget
INFO: [Opt 31-138] Pushed 20 inverter(s) to 95 load pin(s).
INFO: [Opt 31-49] Retargeted 0 cell(s).
Phase 1 Retarget | Checksum: 17ebc354e

Time (s): cpu = 00:00:07 ; elapsed = 00:00:05 . Memory (MB): peak = 2232.145 ; gain = 0.000 ; free physical = 1641 ; free virtual = 16064
INFO: [Opt 31-389] Phase Retarget created 321 cells and removed 522 cells

Phase 2 Constant propagation
INFO: [Opt 31-138] Pushed 1 inverter(s) to 1 load pin(s).
Phase 2 Constant propagation | Checksum: 18ae1eaa6

Time (s): cpu = 00:00:09 ; elapsed = 00:00:07 . Memory (MB): peak = 2232.145 ; gain = 0.000 ; free physical = 1643 ; free virtual = 16067
INFO: [Opt 31-389] Phase Constant propagation created 358 cells and removed 1824 cells

Phase 3 Sweep
Phase 3 Sweep | Checksum: 1f2ba6361

Time (s): cpu = 00:00:17 ; elapsed = 00:00:15 . Memory (MB): peak = 2232.145 ; gain = 0.000 ; free physical = 1639 ; free virtual = 16070
INFO: [Opt 31-389] Phase Sweep created 0 cells and removed 1986 cells

Phase 4 BUFG optimization
Phase 4 BUFG optimization | Checksum: 1f2ba6361

Time (s): cpu = 00:00:18 ; elapsed = 00:00:17 . Memory (MB): peak = 2232.145 ; gain = 0.000 ; free physical = 1656 ; free virtual = 16087
INFO: [Opt 31-389] Phase BUFG optimization created 0 cells and removed 0 cells

Phase 5 Shift Register Optimization
Phase 5 Shift Register Optimization | Checksum: 1f2ba6361

Time (s): cpu = 00:00:19 ; elapsed = 00:00:18 . Memory (MB): peak = 2232.145 ; gain = 0.000 ; free physical = 1648 ; free virtual = 16079
INFO: [Opt 31-389] Phase Shift Register Optimization created 0 cells and removed 0 cells

Starting Connectivity Check Task

Time (s): cpu = 00:00:00.20 ; elapsed = 00:00:00.20 . Memory (MB): peak = 2232.145 ; gain = 0.000 ; free physical = 1624 ; free virtual = 16055
Ending Logic Optimization Task | Checksum: 188c7c254

Time (s): cpu = 00:00:22 ; elapsed = 00:00:20 . Memory (MB): peak = 2232.145 ; gain = 0.000 ; free physical = 1621 ; free virtual = 16052

Starting Power Optimization Task
INFO: [Pwropt 34-132] Skipping clock gating for clocks with a period < 2.00 ns.
INFO: [Timing 38-35] Done setting XDC timing constraints.
INFO: [Pwropt 34-9] Applying IDT optimizations ...
INFO: [Pwropt 34-10] Applying ODC optimizations ...
INFO: [Physopt 32-619] Estimated Timing Summary | WNS=1.274 | TNS=0.000 |
Running Vector-less Activity Propagation...

Finished Running Vector-less Activity Propagation


Starting PowerOpt Patch Enables Task
INFO: [Pwropt 34-162] WRITE_MODE attribute of 0 BRAM(s) out of a total of 26 has been updated to save power. Run report_power_opt to get a complete listing of the BRAMs updated.
INFO: [Pwropt 34-201] Structural ODC has moved 8 WE to EN ports
Number of BRAM Ports augmented: 0 newly gated: 16 Total Ports: 52
Ending PowerOpt Patch Enables Task | Checksum: 2061bc092

Time (s): cpu = 00:00:00.48 ; elapsed = 00:00:00.49 . Memory (MB): peak = 2634.602 ; gain = 0.000 ; free physical = 1601 ; free virtual = 16034
Ending Power Optimization Task | Checksum: 2061bc092

Time (s): cpu = 00:00:39 ; elapsed = 00:00:24 . Memory (MB): peak = 2634.602 ; gain = 402.457 ; free physical = 1621 ; free virtual = 16054

Starting Logic Optimization Task
INFO: [Timing 38-35] Done setting XDC timing constraints.

Phase 1 Remap
Phase 1 Remap | Checksum: 17c3b96fd

Time (s): cpu = 00:00:08 ; elapsed = 00:00:06 . Memory (MB): peak = 2634.602 ; gain = 0.000 ; free physical = 1624 ; free virtual = 16058
INFO: [Opt 31-389] Phase Remap created 8 cells and removed 16 cells
Ending Logic Optimization Task | Checksum: 17c3b96fd

Time (s): cpu = 00:00:08 ; elapsed = 00:00:06 . Memory (MB): peak = 2634.602 ; gain = 0.000 ; free physical = 1624 ; free virtual = 16058
INFO: [Common 17-83] Releasing license: Implementation
57 Infos, 2 Warnings, 0 Critical Warnings and 0 Errors encountered.
opt_design completed successfully
opt_design: Time (s): cpu = 00:01:18 ; elapsed = 00:00:57 . Memory (MB): peak = 2634.602 ; gain = 434.453 ; free physical = 1623 ; free virtual = 16057
Writing placer database...
Writing XDEF routing.
Writing XDEF routing logical nets.
Writing XDEF routing special nets.
Write XDEF Complete: Time (s): cpu = 00:00:00.35 ; elapsed = 00:00:00.16 . Memory (MB): peak = 2634.602 ; gain = 0.000 ; free physical = 1623 ; free virtual = 16059
INFO: [Common 17-1381] The checkpoint '/home/kiev/Gits/wearable_project_main/vivado_and_sdk/vivado_project/vivado_project.runs/impl_1/design_1_wrapper_opt.dcp' has been generated.
write_checkpoint: Time (s): cpu = 00:00:15 ; elapsed = 00:00:16 . Memory (MB): peak = 2634.602 ; gain = 0.000 ; free physical = 1629 ; free virtual = 16070
INFO: [runtcl-4] Executing : report_drc -file design_1_wrapper_drc_opted.rpt -pb design_1_wrapper_drc_opted.pb -rpx design_1_wrapper_drc_opted.rpx
Command: report_drc -file design_1_wrapper_drc_opted.rpt -pb design_1_wrapper_drc_opted.pb -rpx design_1_wrapper_drc_opted.rpx
INFO: [IP_Flow 19-1839] IP Catalog is up to date.
INFO: [DRC 23-27] Running DRC with 4 threads
INFO: [Coretcl 2-168] The results of DRC are in file /home/kiev/Gits/wearable_project_main/vivado_and_sdk/vivado_project/vivado_project.runs/impl_1/design_1_wrapper_drc_opted.rpt.
report_drc completed successfully
report_drc: Time (s): cpu = 00:00:12 ; elapsed = 00:00:07 . Memory (MB): peak = 2634.602 ; gain = 0.000 ; free physical = 1602 ; free virtual = 16045
INFO: [Chipscope 16-241] No debug cores found in the current design.
Before running the implement_debug_core command, either use the Set Up Debug wizard (GUI mode)
or use the create_debug_core and connect_debug_core Tcl commands to insert debug cores into the design.
Command: place_design
Attempting to get a license for feature 'Implementation' and/or device 'xc7a35ti'
INFO: [Common 17-349] Got license for feature 'Implementation' and/or device 'xc7a35ti'
INFO: [DRC 23-27] Running DRC with 4 threads
INFO: [Vivado_Tcl 4-198] DRC finished with 0 Errors
INFO: [Vivado_Tcl 4-199] Please refer to the DRC report (report_drc) for more information.
Running DRC as a precondition to command place_design
INFO: [DRC 23-27] Running DRC with 4 threads
INFO: [Vivado_Tcl 4-198] DRC finished with 0 Errors
INFO: [Vivado_Tcl 4-199] Please refer to the DRC report (report_drc) for more information.

Starting Placer Task
INFO: [Place 30-611] Multithreading enabled for place_design using a maximum of 4 CPUs

Phase 1 Placer Initialization

Phase 1.1 Placer Initialization Netlist Sorting
Netlist sorting complete. Time (s): cpu = 00:00:00.16 ; elapsed = 00:00:00.19 . Memory (MB): peak = 2634.602 ; gain = 0.000 ; free physical = 1557 ; free virtual = 16000
Phase 1.1 Placer Initialization Netlist Sorting | Checksum: f225f501

Time (s): cpu = 00:00:00.19 ; elapsed = 00:00:00.27 . Memory (MB): peak = 2634.602 ; gain = 0.000 ; free physical = 1557 ; free virtual = 16000
INFO: [Timing 38-35] Done setting XDC timing constraints.
INFO: [Opt 31-138] Pushed 0 inverter(s) to 0 load pin(s).
Netlist sorting complete. Time (s): cpu = 00:00:00.12 ; elapsed = 00:00:00.13 . Memory (MB): peak = 2634.602 ; gain = 0.000 ; free physical = 1561 ; free virtual = 15992

Phase 1.2 IO Placement/ Clock Placement/ Build Placer Device
INFO: [Timing 38-35] Done setting XDC timing constraints.
Phase 1.2 IO Placement/ Clock Placement/ Build Placer Device | Checksum: 17b8b554b

Time (s): cpu = 00:00:21 ; elapsed = 00:00:17 . Memory (MB): peak = 2634.602 ; gain = 0.000 ; free physical = 1486 ; free virtual = 15929

Phase 1.3 Build Placer Netlist Model
Phase 1.3 Build Placer Netlist Model | Checksum: 22d169c3d

Time (s): cpu = 00:00:43 ; elapsed = 00:00:32 . Memory (MB): peak = 2634.602 ; gain = 0.000 ; free physical = 1457 ; free virtual = 15897

Phase 1.4 Constrain Clocks/Macros
Phase 1.4 Constrain Clocks/Macros | Checksum: 22d169c3d

Time (s): cpu = 00:00:43 ; elapsed = 00:00:32 . Memory (MB): peak = 2634.602 ; gain = 0.000 ; free physical = 1461 ; free virtual = 15901
Phase 1 Placer Initialization | Checksum: 22d169c3d

Time (s): cpu = 00:00:43 ; elapsed = 00:00:32 . Memory (MB): peak = 2634.602 ; gain = 0.000 ; free physical = 1461 ; free virtual = 15901

Phase 2 Global Placement
Phase 2 Global Placement | Checksum: 177227879

Time (s): cpu = 00:01:42 ; elapsed = 00:01:08 . Memory (MB): peak = 2634.602 ; gain = 0.000 ; free physical = 1347 ; free virtual = 15785

Phase 3 Detail Placement

Phase 3.1 Commit Multi Column Macros
Phase 3.1 Commit Multi Column Macros | Checksum: 177227879

Time (s): cpu = 00:01:42 ; elapsed = 00:01:08 . Memory (MB): peak = 2634.602 ; gain = 0.000 ; free physical = 1347 ; free virtual = 15785

Phase 3.2 Commit Most Macros & LUTRAMs
Phase 3.2 Commit Most Macros & LUTRAMs | Checksum: 271d0301d

Time (s): cpu = 00:01:58 ; elapsed = 00:01:18 . Memory (MB): peak = 2634.602 ; gain = 0.000 ; free physical = 1310 ; free virtual = 15758

Phase 3.3 Area Swap Optimization
Phase 3.3 Area Swap Optimization | Checksum: 1c665fbe4

Time (s): cpu = 00:01:58 ; elapsed = 00:01:18 . Memory (MB): peak = 2634.602 ; gain = 0.000 ; free physical = 1309 ; free virtual = 15756

Phase 3.4 Pipeline Register Optimization
Phase 3.4 Pipeline Register Optimization | Checksum: 23f48e2d9

Time (s): cpu = 00:01:59 ; elapsed = 00:01:18 . Memory (MB): peak = 2634.602 ; gain = 0.000 ; free physical = 1309 ; free virtual = 15756

Phase 3.5 Timing Path Optimizer
Phase 3.5 Timing Path Optimizer | Checksum: 23f48e2d9

Time (s): cpu = 00:01:59 ; elapsed = 00:01:18 . Memory (MB): peak = 2634.602 ; gain = 0.000 ; free physical = 1309 ; free virtual = 15756

Phase 3.6 Fast Optimization
Phase 3.6 Fast Optimization | Checksum: 23f48e2d9

Time (s): cpu = 00:01:59 ; elapsed = 00:01:19 . Memory (MB): peak = 2634.602 ; gain = 0.000 ; free physical = 1308 ; free virtual = 15755

Phase 3.7 Small Shape Detail Placement
Phase 3.7 Small Shape Detail Placement | Checksum: 17a303f95

Time (s): cpu = 00:02:11 ; elapsed = 00:01:31 . Memory (MB): peak = 2634.602 ; gain = 0.000 ; free physical = 1264 ; free virtual = 15713

Phase 3.8 Re-assign LUT pins
Phase 3.8 Re-assign LUT pins | Checksum: 21b262a43

Time (s): cpu = 00:02:13 ; elapsed = 00:01:33 . Memory (MB): peak = 2634.602 ; gain = 0.000 ; free physical = 1285 ; free virtual = 15714

Phase 3.9 Pipeline Register Optimization
Phase 3.9 Pipeline Register Optimization | Checksum: 21b262a43

Time (s): cpu = 00:02:13 ; elapsed = 00:01:33 . Memory (MB): peak = 2634.602 ; gain = 0.000 ; free physical = 1285 ; free virtual = 15714

Phase 3.10 Fast Optimization
Phase 3.10 Fast Optimization | Checksum: 21b262a43

Time (s): cpu = 00:02:21 ; elapsed = 00:01:38 . Memory (MB): peak = 2634.602 ; gain = 0.000 ; free physical = 1280 ; free virtual = 15727
Phase 3 Detail Placement | Checksum: 21b262a43

Time (s): cpu = 00:02:22 ; elapsed = 00:01:38 . Memory (MB): peak = 2634.602 ; gain = 0.000 ; free physical = 1280 ; free virtual = 15727

Phase 4 Post Placement Optimization and Clean-Up

Phase 4.1 Post Commit Optimization
INFO: [Timing 38-35] Done setting XDC timing constraints.

Phase 4.1.1 Post Placement Optimization
Post Placement Optimization Initialization | Checksum: 1facfd2aa

Phase 4.1.1.1 BUFG Insertion
INFO: [Physopt 32-721] Multithreading enabled for phys_opt_design using a maximum of 4 CPUs
INFO: [Place 46-31] BUFG insertion identified 0 candidate nets, 0 success, 0 skipped for placement/routing, 0 skipped for timing, 0 skipped for netlist change reason.
Phase 4.1.1.1 BUFG Insertion | Checksum: 1facfd2aa

Time (s): cpu = 00:02:42 ; elapsed = 00:01:50 . Memory (MB): peak = 2634.602 ; gain = 0.000 ; free physical = 1307 ; free virtual = 15755
INFO: [Place 30-746] Post Placement Timing Summary WNS=1.274. For the most accurate timing information please run report_timing.
Phase 4.1.1 Post Placement Optimization | Checksum: 10b4c5d0e

Time (s): cpu = 00:02:42 ; elapsed = 00:01:50 . Memory (MB): peak = 2634.602 ; gain = 0.000 ; free physical = 1299 ; free virtual = 15747
Phase 4.1 Post Commit Optimization | Checksum: 10b4c5d0e

Time (s): cpu = 00:02:43 ; elapsed = 00:01:50 . Memory (MB): peak = 2634.602 ; gain = 0.000 ; free physical = 1300 ; free virtual = 15748

Phase 4.2 Post Placement Cleanup
Phase 4.2 Post Placement Cleanup | Checksum: 10b4c5d0e

Time (s): cpu = 00:02:43 ; elapsed = 00:01:51 . Memory (MB): peak = 2634.602 ; gain = 0.000 ; free physical = 1300 ; free virtual = 15748

Phase 4.3 Placer Reporting
Phase 4.3 Placer Reporting | Checksum: 10b4c5d0e

Time (s): cpu = 00:02:43 ; elapsed = 00:01:51 . Memory (MB): peak = 2634.602 ; gain = 0.000 ; free physical = 1299 ; free virtual = 15747

Phase 4.4 Final Placement Cleanup
Phase 4.4 Final Placement Cleanup | Checksum: 1a478e866

Time (s): cpu = 00:02:44 ; elapsed = 00:01:51 . Memory (MB): peak = 2634.602 ; gain = 0.000 ; free physical = 1299 ; free virtual = 15747
Phase 4 Post Placement Optimization and Clean-Up | Checksum: 1a478e866

Time (s): cpu = 00:02:44 ; elapsed = 00:01:52 . Memory (MB): peak = 2634.602 ; gain = 0.000 ; free physical = 1299 ; free virtual = 15747
Ending Placer Task | Checksum: 195c6d660

Time (s): cpu = 00:02:44 ; elapsed = 00:01:52 . Memory (MB): peak = 2634.602 ; gain = 0.000 ; free physical = 1316 ; free virtual = 15763
INFO: [Common 17-83] Releasing license: Implementation
79 Infos, 2 Warnings, 0 Critical Warnings and 0 Errors encountered.
place_design completed successfully
place_design: Time (s): cpu = 00:02:53 ; elapsed = 00:01:59 . Memory (MB): peak = 2634.602 ; gain = 0.000 ; free physical = 1316 ; free virtual = 15763
Writing placer database...
Writing XDEF routing.
Writing XDEF routing logical nets.
Writing XDEF routing special nets.
Write XDEF Complete: Time (s): cpu = 00:00:08 ; elapsed = 00:00:04 . Memory (MB): peak = 2634.602 ; gain = 0.000 ; free physical = 1267 ; free virtual = 15746
INFO: [Common 17-1381] The checkpoint '/home/kiev/Gits/wearable_project_main/vivado_and_sdk/vivado_project/vivado_project.runs/impl_1/design_1_wrapper_placed.dcp' has been generated.
write_checkpoint: Time (s): cpu = 00:00:17 ; elapsed = 00:00:14 . Memory (MB): peak = 2634.602 ; gain = 0.000 ; free physical = 1265 ; free virtual = 15721
INFO: [runtcl-4] Executing : report_io -file design_1_wrapper_io_placed.rpt
report_io: Time (s): cpu = 00:00:00.32 ; elapsed = 00:00:00.45 . Memory (MB): peak = 2634.602 ; gain = 0.000 ; free physical = 1242 ; free virtual = 15699
INFO: [runtcl-4] Executing : report_utilization -file design_1_wrapper_utilization_placed.rpt -pb design_1_wrapper_utilization_placed.pb
report_utilization: Time (s): cpu = 00:00:00.51 ; elapsed = 00:00:00.60 . Memory (MB): peak = 2634.602 ; gain = 0.000 ; free physical = 1251 ; free virtual = 15708
INFO: [runtcl-4] Executing : report_control_sets -verbose -file design_1_wrapper_control_sets_placed.rpt
report_control_sets: Time (s): cpu = 00:00:00.25 ; elapsed = 00:00:00.34 . Memory (MB): peak = 2634.602 ; gain = 0.000 ; free physical = 1248 ; free virtual = 15705
Command: route_design
Attempting to get a license for feature 'Implementation' and/or device 'xc7a35ti'
INFO: [Common 17-349] Got license for feature 'Implementation' and/or device 'xc7a35ti'
Running DRC as a precondition to command route_design
INFO: [DRC 23-27] Running DRC with 4 threads
INFO: [Vivado_Tcl 4-198] DRC finished with 0 Errors
INFO: [Vivado_Tcl 4-199] Please refer to the DRC report (report_drc) for more information.


Starting Routing Task
INFO: [Route 35-254] Multithreading enabled for route_design using a maximum of 4 CPUs
Checksum: PlaceDB: a51d32c8 ConstDB: 0 ShapeSum: f0a9a398 RouteDB: 0

Phase 1 Build RT Design
Phase 1 Build RT Design | Checksum: b8492ccc

Time (s): cpu = 00:00:32 ; elapsed = 00:00:23 . Memory (MB): peak = 2634.602 ; gain = 0.000 ; free physical = 1507 ; free virtual = 15952
Post Restoration Checksum: NetGraph: 57a6153 NumContArr: b2cecb79 Constraints: 0 Timing: 0

Phase 2 Router Initialization

Phase 2.1 Create Timer
Phase 2.1 Create Timer | Checksum: b8492ccc

Time (s): cpu = 00:00:33 ; elapsed = 00:00:23 . Memory (MB): peak = 2634.602 ; gain = 0.000 ; free physical = 1499 ; free virtual = 15944

Phase 2.2 Fix Topology Constraints
Phase 2.2 Fix Topology Constraints | Checksum: b8492ccc

Time (s): cpu = 00:00:33 ; elapsed = 00:00:24 . Memory (MB): peak = 2634.602 ; gain = 0.000 ; free physical = 1486 ; free virtual = 15931

Phase 2.3 Pre Route Cleanup
Phase 2.3 Pre Route Cleanup | Checksum: b8492ccc

Time (s): cpu = 00:00:33 ; elapsed = 00:00:24 . Memory (MB): peak = 2634.602 ; gain = 0.000 ; free physical = 1486 ; free virtual = 15931
 Number of Nodes with overlaps = 0

Phase 2.4 Update Timing
Phase 2.4 Update Timing | Checksum: 207e22d34

Time (s): cpu = 00:00:56 ; elapsed = 00:00:34 . Memory (MB): peak = 2634.602 ; gain = 0.000 ; free physical = 1429 ; free virtual = 15876
INFO: [Route 35-416] Intermediate Timing Summary | WNS=1.272  | TNS=0.000  | WHS=-0.303 | THS=-681.898|


Phase 2.5 Update Timing for Bus Skew

Phase 2.5.1 Update Timing
Phase 2.5.1 Update Timing | Checksum: 1ac447ead

Time (s): cpu = 00:01:12 ; elapsed = 00:00:42 . Memory (MB): peak = 2634.602 ; gain = 0.000 ; free physical = 1375 ; free virtual = 15878
INFO: [Route 35-416] Intermediate Timing Summary | WNS=1.272  | TNS=0.000  | WHS=N/A    | THS=N/A    |

Phase 2.5 Update Timing for Bus Skew | Checksum: 21a0f1478

Time (s): cpu = 00:01:12 ; elapsed = 00:00:42 . Memory (MB): peak = 2634.602 ; gain = 0.000 ; free physical = 1374 ; free virtual = 15878
Phase 2 Router Initialization | Checksum: 1e8b04c9c

Time (s): cpu = 00:01:12 ; elapsed = 00:00:42 . Memory (MB): peak = 2634.602 ; gain = 0.000 ; free physical = 1374 ; free virtual = 15878

Phase 3 Initial Routing
Phase 3 Initial Routing | Checksum: 10160308c

Time (s): cpu = 00:01:28 ; elapsed = 00:00:47 . Memory (MB): peak = 2634.602 ; gain = 0.000 ; free physical = 1390 ; free virtual = 15866

Phase 4 Rip-up And Reroute

Phase 4.1 Global Iteration 0
 Number of Nodes with overlaps = 1923
 Number of Nodes with overlaps = 149
 Number of Nodes with overlaps = 8
 Number of Nodes with overlaps = 1
 Number of Nodes with overlaps = 0
INFO: [Route 35-416] Intermediate Timing Summary | WNS=1.206  | TNS=0.000  | WHS=N/A    | THS=N/A    |

Phase 4.1 Global Iteration 0 | Checksum: 1412ef138

Time (s): cpu = 00:02:03 ; elapsed = 00:01:02 . Memory (MB): peak = 2634.602 ; gain = 0.000 ; free physical = 1352 ; free virtual = 15831

Phase 4.2 Global Iteration 1
 Number of Nodes with overlaps = 12
 Number of Nodes with overlaps = 0
INFO: [Route 35-416] Intermediate Timing Summary | WNS=1.206  | TNS=0.000  | WHS=N/A    | THS=N/A    |

Phase 4.2 Global Iteration 1 | Checksum: 248f01c54

Time (s): cpu = 00:02:05 ; elapsed = 00:01:03 . Memory (MB): peak = 2634.602 ; gain = 0.000 ; free physical = 1358 ; free virtual = 15830

Phase 4.3 Global Iteration 2
 Number of Nodes with overlaps = 0
INFO: [Route 35-416] Intermediate Timing Summary | WNS=1.206  | TNS=0.000  | WHS=N/A    | THS=N/A    |

Phase 4.3 Global Iteration 2 | Checksum: 168b75a53

Time (s): cpu = 00:02:06 ; elapsed = 00:01:04 . Memory (MB): peak = 2634.602 ; gain = 0.000 ; free physical = 1353 ; free virtual = 15829
Phase 4 Rip-up And Reroute | Checksum: 168b75a53

Time (s): cpu = 00:02:06 ; elapsed = 00:01:04 . Memory (MB): peak = 2634.602 ; gain = 0.000 ; free physical = 1353 ; free virtual = 15829

Phase 5 Delay and Skew Optimization

Phase 5.1 Delay CleanUp
Phase 5.1 Delay CleanUp | Checksum: 168b75a53

Time (s): cpu = 00:02:06 ; elapsed = 00:01:04 . Memory (MB): peak = 2634.602 ; gain = 0.000 ; free physical = 1353 ; free virtual = 15829

Phase 5.2 Clock Skew Optimization
Phase 5.2 Clock Skew Optimization | Checksum: 168b75a53

Time (s): cpu = 00:02:06 ; elapsed = 00:01:05 . Memory (MB): peak = 2634.602 ; gain = 0.000 ; free physical = 1353 ; free virtual = 15829
Phase 5 Delay and Skew Optimization | Checksum: 168b75a53

Time (s): cpu = 00:02:07 ; elapsed = 00:01:05 . Memory (MB): peak = 2634.602 ; gain = 0.000 ; free physical = 1356 ; free virtual = 15829

Phase 6 Post Hold Fix

Phase 6.1 Hold Fix Iter

Phase 6.1.1 Update Timing
Phase 6.1.1 Update Timing | Checksum: 1547526bd

Time (s): cpu = 00:02:11 ; elapsed = 00:01:07 . Memory (MB): peak = 2634.602 ; gain = 0.000 ; free physical = 1335 ; free virtual = 15809
INFO: [Route 35-416] Intermediate Timing Summary | WNS=1.214  | TNS=0.000  | WHS=0.025  | THS=0.000  |

Phase 6.1 Hold Fix Iter | Checksum: 192c3ca89

Time (s): cpu = 00:02:11 ; elapsed = 00:01:07 . Memory (MB): peak = 2634.602 ; gain = 0.000 ; free physical = 1334 ; free virtual = 15809
Phase 6 Post Hold Fix | Checksum: 192c3ca89

Time (s): cpu = 00:02:12 ; elapsed = 00:01:07 . Memory (MB): peak = 2634.602 ; gain = 0.000 ; free physical = 1333 ; free virtual = 15809

Phase 7 Route finalize

Router Utilization Summary
  Global Vertical Routing Utilization    = 6.87308 %
  Global Horizontal Routing Utilization  = 7.89472 %
  Routable Net Status*
  *Does not include unroutable nets such as driverless and loadless.
  Run report_route_status for detailed report.
  Number of Failed Nets               = 0
  Number of Unrouted Nets             = 0
  Number of Partially Routed Nets     = 0
  Number of Node Overlaps             = 0

Phase 7 Route finalize | Checksum: 192c3ca89

Time (s): cpu = 00:02:12 ; elapsed = 00:01:07 . Memory (MB): peak = 2634.602 ; gain = 0.000 ; free physical = 1333 ; free virtual = 15809

Phase 8 Verifying routed nets

 Verification completed successfully
Phase 8 Verifying routed nets | Checksum: 192c3ca89

Time (s): cpu = 00:02:12 ; elapsed = 00:01:07 . Memory (MB): peak = 2634.602 ; gain = 0.000 ; free physical = 1333 ; free virtual = 15809

Phase 9 Depositing Routes
Phase 9 Depositing Routes | Checksum: 183626685

Time (s): cpu = 00:02:14 ; elapsed = 00:01:10 . Memory (MB): peak = 2634.602 ; gain = 0.000 ; free physical = 1430 ; free virtual = 15917

Phase 10 Post Router Timing
INFO: [Route 35-57] Estimated Timing Summary | WNS=1.214  | TNS=0.000  | WHS=0.025  | THS=0.000  |

INFO: [Route 35-327] The final timing numbers are based on the router estimated timing analysis. For a complete and accurate timing signoff, please run report_timing_summary.
Phase 10 Post Router Timing | Checksum: 183626685

Time (s): cpu = 00:02:14 ; elapsed = 00:01:10 . Memory (MB): peak = 2634.602 ; gain = 0.000 ; free physical = 1431 ; free virtual = 15915
INFO: [Route 35-16] Router Completed Successfully

Time (s): cpu = 00:02:14 ; elapsed = 00:01:10 . Memory (MB): peak = 2634.602 ; gain = 0.000 ; free physical = 1461 ; free virtual = 15938

Routing Is Done.
INFO: [Common 17-83] Releasing license: Implementation
98 Infos, 2 Warnings, 0 Critical Warnings and 0 Errors encountered.
route_design completed successfully
route_design: Time (s): cpu = 00:02:26 ; elapsed = 00:01:17 . Memory (MB): peak = 2634.602 ; gain = 0.000 ; free physical = 1461 ; free virtual = 15938
Writing placer database...
Writing XDEF routing.
Writing XDEF routing logical nets.
Writing XDEF routing special nets.
Write XDEF Complete: Time (s): cpu = 00:00:09 ; elapsed = 00:00:04 . Memory (MB): peak = 2634.602 ; gain = 0.000 ; free physical = 1392 ; free virtual = 15916
INFO: [Common 17-1381] The checkpoint '/home/kiev/Gits/wearable_project_main/vivado_and_sdk/vivado_project/vivado_project.runs/impl_1/design_1_wrapper_routed.dcp' has been generated.
write_checkpoint: Time (s): cpu = 00:00:17 ; elapsed = 00:00:13 . Memory (MB): peak = 2634.602 ; gain = 0.000 ; free physical = 1428 ; free virtual = 15913
INFO: [runtcl-4] Executing : report_drc -file design_1_wrapper_drc_routed.rpt -pb design_1_wrapper_drc_routed.pb -rpx design_1_wrapper_drc_routed.rpx
Command: report_drc -file design_1_wrapper_drc_routed.rpt -pb design_1_wrapper_drc_routed.pb -rpx design_1_wrapper_drc_routed.rpx
INFO: [IP_Flow 19-1839] IP Catalog is up to date.
INFO: [DRC 23-27] Running DRC with 4 threads
INFO: [Coretcl 2-168] The results of DRC are in file /home/kiev/Gits/wearable_project_main/vivado_and_sdk/vivado_project/vivado_project.runs/impl_1/design_1_wrapper_drc_routed.rpt.
report_drc completed successfully
report_drc: Time (s): cpu = 00:00:19 ; elapsed = 00:00:07 . Memory (MB): peak = 2643.609 ; gain = 9.008 ; free physical = 1390 ; free virtual = 15871
INFO: [runtcl-4] Executing : report_methodology -file design_1_wrapper_methodology_drc_routed.rpt -pb design_1_wrapper_methodology_drc_routed.pb -rpx design_1_wrapper_methodology_drc_routed.rpx
Command: report_methodology -file design_1_wrapper_methodology_drc_routed.rpt -pb design_1_wrapper_methodology_drc_routed.pb -rpx design_1_wrapper_methodology_drc_routed.rpx
INFO: [Timing 38-35] Done setting XDC timing constraints.
INFO: [Timing 38-35] Done setting XDC timing constraints.
INFO: [DRC 23-133] Running Methodology with 4 threads
INFO: [Coretcl 2-1520] The results of Report Methodology are in file /home/kiev/Gits/wearable_project_main/vivado_and_sdk/vivado_project/vivado_project.runs/impl_1/design_1_wrapper_methodology_drc_routed.rpt.
report_methodology completed successfully
report_methodology: Time (s): cpu = 00:00:49 ; elapsed = 00:00:19 . Memory (MB): peak = 2643.609 ; gain = 0.000 ; free physical = 1213 ; free virtual = 15700
INFO: [runtcl-4] Executing : report_power -file design_1_wrapper_power_routed.rpt -pb design_1_wrapper_power_summary_routed.pb -rpx design_1_wrapper_power_routed.rpx
Command: report_power -file design_1_wrapper_power_routed.rpt -pb design_1_wrapper_power_summary_routed.pb -rpx design_1_wrapper_power_routed.rpx
INFO: [Timing 38-35] Done setting XDC timing constraints.
Running Vector-less Activity Propagation...

Finished Running Vector-less Activity Propagation
WARNING: [Power 33-332] Found switching activity that implies high-fanout reset nets being asserted for excessive periods of time which may result in inaccurate power analysis.
Resolution: To review and fix problems, please run Power Constraints Advisor in the GUI from Tools > Power Constraints Advisor or run report_power with the -advisory option to generate a text report.
110 Infos, 3 Warnings, 0 Critical Warnings and 0 Errors encountered.
report_power completed successfully
report_power: Time (s): cpu = 00:00:22 ; elapsed = 00:00:12 . Memory (MB): peak = 2644.633 ; gain = 1.023 ; free physical = 1119 ; free virtual = 15623
INFO: [runtcl-4] Executing : report_route_status -file design_1_wrapper_route_status.rpt -pb design_1_wrapper_route_status.pb
INFO: [runtcl-4] Executing : report_timing_summary -max_paths 10 -file design_1_wrapper_timing_summary_routed.rpt -rpx design_1_wrapper_timing_summary_routed.rpx -warn_on_violation 
INFO: [Timing 38-91] UpdateTimingParams: Speed grade: -1L, Delay Type: min_max.
INFO: [Timing 38-191] Multithreading enabled for timing update using a maximum of 4 CPUs
WARNING: [Timing 38-436] There are set_bus_skew constraint(s) in this design. Please run report_bus_skew to ensure that bus skew requirements are met.
INFO: [runtcl-4] Executing : report_incremental_reuse -file design_1_wrapper_incremental_reuse_routed.rpt
INFO: [Vivado_Tcl 4-545] No incremental reuse to report, no incremental placement and routing data was found.
INFO: [runtcl-4] Executing : report_clock_utilization -file design_1_wrapper_clock_utilization_routed.rpt
WARNING: [Memdata 28-167] Found XPM memory block design_1_i/axi_smc/inst/s01_nodes/s01_r_node/inst/inst_mi_handler/gen_normal_area.inst_fifo_node_payld/gen_xpm_memory_fifo.inst_fifo/gen_mem_rep[0].inst_xpm_memory/xpm_memory_base_inst with a P_MEMORY_PRIMITIVE property set to distributed. A value of block is required. You will not be able to use the updatemem program to update the bitstream with new data for the design_1_i/axi_smc/inst/s01_nodes/s01_r_node/inst/inst_mi_handler/gen_normal_area.inst_fifo_node_payld/gen_xpm_memory_fifo.inst_fifo/gen_mem_rep[0].inst_xpm_memory/xpm_memory_base_inst block.
WARNING: [Memdata 28-167] Found XPM memory block design_1_i/axi_smc/inst/s01_nodes/s01_ar_node/inst/inst_mi_handler/gen_normal_area.inst_fifo_node_payld/gen_xpm_memory_fifo.inst_fifo/gen_mem_rep[0].inst_xpm_memory/xpm_memory_base_inst with a P_MEMORY_PRIMITIVE property set to distributed. A value of block is required. You will not be able to use the updatemem program to update the bitstream with new data for the design_1_i/axi_smc/inst/s01_nodes/s01_ar_node/inst/inst_mi_handler/gen_normal_area.inst_fifo_node_payld/gen_xpm_memory_fifo.inst_fifo/gen_mem_rep[0].inst_xpm_memory/xpm_memory_base_inst block.
WARNING: [Memdata 28-167] Found XPM memory block design_1_i/axi_smc/inst/s00_nodes/s00_w_node/inst/inst_mi_handler/gen_normal_area.inst_fifo_node_payld/gen_xpm_memory_fifo.inst_fifo/gen_mem_rep[0].inst_xpm_memory/xpm_memory_base_inst with a P_MEMORY_PRIMITIVE property set to distributed. A value of block is required. You will not be able to use the updatemem program to update the bitstream with new data for the design_1_i/axi_smc/inst/s00_nodes/s00_w_node/inst/inst_mi_handler/gen_normal_area.inst_fifo_node_payld/gen_xpm_memory_fifo.inst_fifo/gen_mem_rep[0].inst_xpm_memory/xpm_memory_base_inst block.
WARNING: [Memdata 28-167] Found XPM memory block design_1_i/axi_smc/inst/s00_nodes/s00_w_node/inst/inst_mi_handler/gen_normal_area.gen_fifo_req.inst_fifo_req/gen_xpm_memory_fifo.inst_fifo/gen_mem_rep[0].inst_xpm_memory/xpm_memory_base_inst with a P_MEMORY_PRIMITIVE property set to distributed. A value of block is required. You will not be able to use the updatemem program to update the bitstream with new data for the design_1_i/axi_smc/inst/s00_nodes/s00_w_node/inst/inst_mi_handler/gen_normal_area.gen_fifo_req.inst_fifo_req/gen_xpm_memory_fifo.inst_fifo/gen_mem_rep[0].inst_xpm_memory/xpm_memory_base_inst block.
WARNING: [Memdata 28-167] Found XPM memory block design_1_i/axi_smc/inst/s00_nodes/s00_r_node/inst/inst_mi_handler/gen_normal_area.inst_fifo_node_payld/gen_xpm_memory_fifo.inst_fifo/gen_mem_rep[0].inst_xpm_memory/xpm_memory_base_inst with a P_MEMORY_PRIMITIVE property set to distributed. A value of block is required. You will not be able to use the updatemem program to update the bitstream with new data for the design_1_i/axi_smc/inst/s00_nodes/s00_r_node/inst/inst_mi_handler/gen_normal_area.inst_fifo_node_payld/gen_xpm_memory_fifo.inst_fifo/gen_mem_rep[0].inst_xpm_memory/xpm_memory_base_inst block.
WARNING: [Memdata 28-167] Found XPM memory block design_1_i/axi_smc/inst/s00_nodes/s00_aw_node/inst/inst_mi_handler/gen_normal_area.inst_fifo_node_payld/gen_xpm_memory_fifo.inst_fifo/gen_mem_rep[0].inst_xpm_memory/xpm_memory_base_inst with a P_MEMORY_PRIMITIVE property set to distributed. A value of block is required. You will not be able to use the updatemem program to update the bitstream with new data for the design_1_i/axi_smc/inst/s00_nodes/s00_aw_node/inst/inst_mi_handler/gen_normal_area.inst_fifo_node_payld/gen_xpm_memory_fifo.inst_fifo/gen_mem_rep[0].inst_xpm_memory/xpm_memory_base_inst block.
WARNING: [Memdata 28-167] Found XPM memory block design_1_i/axi_smc/inst/s00_nodes/s00_ar_node/inst/inst_mi_handler/gen_normal_area.inst_fifo_node_payld/gen_xpm_memory_fifo.inst_fifo/gen_mem_rep[0].inst_xpm_memory/xpm_memory_base_inst with a P_MEMORY_PRIMITIVE property set to distributed. A value of block is required. You will not be able to use the updatemem program to update the bitstream with new data for the design_1_i/axi_smc/inst/s00_nodes/s00_ar_node/inst/inst_mi_handler/gen_normal_area.inst_fifo_node_payld/gen_xpm_memory_fifo.inst_fifo/gen_mem_rep[0].inst_xpm_memory/xpm_memory_base_inst block.
WARNING: [Memdata 28-167] Found XPM memory block design_1_i/axi_smc/inst/m00_nodes/m00_w_node/inst/inst_si_handler/gen_si_handler.gen_request_fifos.gen_req_fifo[0].inst_req_fifo/gen_xpm_memory_fifo.inst_fifo/gen_mem_rep[0].inst_xpm_memory/xpm_memory_base_inst with a P_MEMORY_PRIMITIVE property set to distributed. A value of block is required. You will not be able to use the updatemem program to update the bitstream with new data for the design_1_i/axi_smc/inst/m00_nodes/m00_w_node/inst/inst_si_handler/gen_si_handler.gen_request_fifos.gen_req_fifo[0].inst_req_fifo/gen_xpm_memory_fifo.inst_fifo/gen_mem_rep[0].inst_xpm_memory/xpm_memory_base_inst block.
WARNING: [Memdata 28-167] Found XPM memory block design_1_i/axi_smc/inst/m00_nodes/m00_w_node/inst/inst_mi_handler/gen_normal_area.inst_fifo_node_payld/gen_xpm_memory_fifo.inst_fifo/gen_mem_rep[0].inst_xpm_memory/xpm_memory_base_inst with a P_MEMORY_PRIMITIVE property set to distributed. A value of block is required. You will not be able to use the updatemem program to update the bitstream with new data for the design_1_i/axi_smc/inst/m00_nodes/m00_w_node/inst/inst_mi_handler/gen_normal_area.inst_fifo_node_payld/gen_xpm_memory_fifo.inst_fifo/gen_mem_rep[0].inst_xpm_memory/xpm_memory_base_inst block.
WARNING: [Memdata 28-167] Found XPM memory block design_1_i/axi_smc/inst/m00_nodes/m00_r_node/inst/inst_mi_handler/gen_normal_area.inst_fifo_node_payld/gen_xpm_memory_fifo.inst_fifo/gen_mem_rep[0].inst_xpm_memory/xpm_memory_base_inst with a P_MEMORY_PRIMITIVE property set to distributed. A value of block is required. You will not be able to use the updatemem program to update the bitstream with new data for the design_1_i/axi_smc/inst/m00_nodes/m00_r_node/inst/inst_mi_handler/gen_normal_area.inst_fifo_node_payld/gen_xpm_memory_fifo.inst_fifo/gen_mem_rep[0].inst_xpm_memory/xpm_memory_base_inst block.
WARNING: [Memdata 28-167] Found XPM memory block design_1_i/axi_smc/inst/m00_nodes/m00_r_node/inst/inst_mi_handler/gen_normal_area.gen_fifo_req.inst_fifo_req/gen_xpm_memory_fifo.inst_fifo/gen_mem_rep[0].inst_xpm_memory/xpm_memory_base_inst with a P_MEMORY_PRIMITIVE property set to distributed. A value of block is required. You will not be able to use the updatemem program to update the bitstream with new data for the design_1_i/axi_smc/inst/m00_nodes/m00_r_node/inst/inst_mi_handler/gen_normal_area.gen_fifo_req.inst_fifo_req/gen_xpm_memory_fifo.inst_fifo/gen_mem_rep[0].inst_xpm_memory/xpm_memory_base_inst block.
WARNING: [Memdata 28-167] Found XPM memory block design_1_i/axi_smc/inst/m00_nodes/m00_b_node/inst/inst_mi_handler/gen_normal_area.gen_fifo_req.inst_fifo_req/gen_xpm_memory_fifo.inst_fifo/gen_mem_rep[0].inst_xpm_memory/xpm_memory_base_inst with a P_MEMORY_PRIMITIVE property set to distributed. A value of block is required. You will not be able to use the updatemem program to update the bitstream with new data for the design_1_i/axi_smc/inst/m00_nodes/m00_b_node/inst/inst_mi_handler/gen_normal_area.gen_fifo_req.inst_fifo_req/gen_xpm_memory_fifo.inst_fifo/gen_mem_rep[0].inst_xpm_memory/xpm_memory_base_inst block.
WARNING: [Memdata 28-167] Found XPM memory block design_1_i/axi_smc/inst/m00_nodes/m00_aw_node/inst/inst_mi_handler/gen_normal_area.inst_fifo_node_payld/gen_xpm_memory_fifo.inst_fifo/gen_mem_rep[0].inst_xpm_memory/xpm_memory_base_inst with a P_MEMORY_PRIMITIVE property set to distributed. A value of block is required. You will not be able to use the updatemem program to update the bitstream with new data for the design_1_i/axi_smc/inst/m00_nodes/m00_aw_node/inst/inst_mi_handler/gen_normal_area.inst_fifo_node_payld/gen_xpm_memory_fifo.inst_fifo/gen_mem_rep[0].inst_xpm_memory/xpm_memory_base_inst block.
WARNING: [Memdata 28-167] Found XPM memory block design_1_i/axi_smc/inst/m00_nodes/m00_ar_node/inst/inst_mi_handler/gen_normal_area.inst_fifo_node_payld/gen_xpm_memory_fifo.inst_fifo/gen_mem_rep[0].inst_xpm_memory/xpm_memory_base_inst with a P_MEMORY_PRIMITIVE property set to distributed. A value of block is required. You will not be able to use the updatemem program to update the bitstream with new data for the design_1_i/axi_smc/inst/m00_nodes/m00_ar_node/inst/inst_mi_handler/gen_normal_area.inst_fifo_node_payld/gen_xpm_memory_fifo.inst_fifo/gen_mem_rep[0].inst_xpm_memory/xpm_memory_base_inst block.
Command: write_bitstream -force design_1_wrapper.bit
Attempting to get a license for feature 'Implementation' and/or device 'xc7a35ti'
INFO: [Common 17-349] Got license for feature 'Implementation' and/or device 'xc7a35ti'
Running DRC as a precondition to command write_bitstream
INFO: [IP_Flow 19-1839] IP Catalog is up to date.
INFO: [DRC 23-27] Running DRC with 4 threads
WARNING: [DRC BUFC-1] Input Buffer Connections: Input buffer ja_pin2_iobuf/IBUF has no loads. It is recommended to have an input buffer drive an internal load.
WARNING: [DRC CFGBVS-1] Missing CFGBVS and CONFIG_VOLTAGE Design Properties: Neither the CFGBVS nor CONFIG_VOLTAGE voltage property is set in the current_design.  Configuration bank voltage select (CFGBVS) must be set to VCCO or GND, and CONFIG_VOLTAGE must be set to the correct configuration voltage, in order to determine the I/O voltage support for the pins in bank 0.  It is suggested to specify these either using the 'Edit Device Properties' function in the GUI or directly in the XDC file using the following syntax:

 set_property CFGBVS value1 [current_design]
 #where value1 is either VCCO or GND

 set_property CONFIG_VOLTAGE value2 [current_design]
 #where value2 is the voltage provided to configuration bank 0

Refer to the device configuration user guide for more information.
WARNING: [DRC REQP-1709] Clock output buffering: PLLE2_ADV connectivity violation. The signal design_1_i/mig_7series_0/u_design_1_mig_7series_0_0_mig/u_ddr3_infrastructure/pll_clk3_out on the design_1_i/mig_7series_0/u_design_1_mig_7series_0_0_mig/u_ddr3_infrastructure/plle2_i/CLKOUT3 pin of design_1_i/mig_7series_0/u_design_1_mig_7series_0_0_mig/u_ddr3_infrastructure/plle2_i does not drive the same kind of BUFFER load as the other CLKOUT pins. Routing from the different buffer types will not be phase aligned.
WARNING: [DRC RTSTAT-10] No routable loads: 2 net(s) have no routable loads. The problem bus(es) and/or net(s) are design_1_i/axi_smc/inst/m00_nodes/m00_b_node/inst/s_sc_areset, and design_1_i/axi_smc/inst/m00_nodes/m00_r_node/inst/s_sc_areset.
INFO: [Vivado 12-3199] DRC finished with 0 Errors, 4 Warnings
INFO: [Vivado 12-3200] Please refer to the DRC report (report_drc) for more information.
INFO: [Project 1-821] Please set project.enableDesignId to be 'true'.
INFO: [Designutils 20-2272] Running write_bitstream with 4 threads.
Loading data files...
Loading site data...
Loading route data...
Processing options...
Creating bitmap...
Creating bitstream...
Writing bitstream ./design_1_wrapper.bit...
INFO: [Vivado 12-1842] Bitgen Completed Successfully.
INFO: [Project 1-120] WebTalk data collection is mandatory when using a WebPACK part without a full Vivado license. To see the specific WebTalk data collected for your design, open the usage_statistics_webtalk.html or usage_statistics_webtalk.xml file in the implementation directory.
INFO: [Common 17-186] '/home/kiev/Gits/wearable_project_main/vivado_and_sdk/vivado_project/vivado_project.runs/impl_1/usage_statistics_webtalk.xml' has been successfully sent to Xilinx on Fri May  4 11:51:46 2018. For additional details about this file, please refer to the WebTalk help file at /opt/Xilinx/Vivado/2017.4/doc/webtalk_introduction.html.
INFO: [Common 17-83] Releasing license: Implementation
128 Infos, 22 Warnings, 0 Critical Warnings and 0 Errors encountered.
write_bitstream completed successfully
write_bitstream: Time (s): cpu = 00:00:51 ; elapsed = 00:00:33 . Memory (MB): peak = 2979.699 ; gain = 335.066 ; free physical = 1010 ; free virtual = 15543
INFO: [Common 17-206] Exiting Vivado at Fri May  4 11:51:46 2018...
